#
# There is insufficient memory for the Java Runtime Environment to continue.
# Native memory allocation (malloc) failed to allocate 32784 bytes for Chunk::new
# Possible reasons:
#   The system is out of physical RAM or swap space
#   In 32 bit mode, the process size limit was hit
# Possible solutions:
#   Reduce memory load on the system
#   Increase physical memory or swap space
#   Check if swap backing store is full
#   Use 64 bit Java on a 64 bit OS
#   Decrease Java heap size (-Xmx/-Xms)
#   Decrease number of Java threads
#   Decrease Java thread stack sizes (-Xss)
#   Set larger code cache with -XX:ReservedCodeCacheSize=
# This output file may be truncated or incomplete.
#
#  Out of Memory Error (allocation.cpp:390), pid=4184, tid=10984
#
# JRE version: Java(TM) SE Runtime Environment (8.0_77-b03) (build 1.8.0_77-b03)
# Java VM: Java HotSpot(TM) 64-Bit Server VM (25.77-b03 mixed mode windows-amd64 compressed oops)
# Failed to write core dump. Minidumps are not enabled by default on client versions of Windows
#

---------------  T H R E A D  ---------------

Current thread (0x00000000550de000):  JavaThread "C2 CompilerThread0" daemon [_thread_in_native, id=10984, stack(0x0000000056bb0000,0x0000000056cb0000)]

Stack: [0x0000000056bb0000,0x0000000056cb0000]
[error occurred during error reporting (printing stack bounds), id 0xc0000005]

Native frames: (J=compiled Java code, j=interpreted, Vv=VM code, C=native code)


Current CompileTask:
C2:   3213 1199       4       com.android.dx.ssa.SsaBasicBlock::forEachInsn (37 bytes)


---------------  P R O C E S S  ---------------

Java Threads: ( => current thread )
  0x0000000056813800 JavaThread "pool-1-thread-4" [_thread_blocked, id=6288, stack(0x0000000058580000,0x0000000058680000)]
  0x000000005680e800 JavaThread "pool-1-thread-3" [_thread_in_vm, id=7540, stack(0x0000000057890000,0x0000000057990000)]
  0x000000005677e800 JavaThread "pool-1-thread-2" [_thread_in_Java, id=9192, stack(0x00000000576c0000,0x00000000577c0000)]
  0x0000000056765800 JavaThread "pool-2-thread-1" [_thread_blocked, id=5408, stack(0x00000000571a0000,0x00000000572a0000)]
  0x0000000056760800 JavaThread "pool-1-thread-1" [_thread_in_Java, id=10064, stack(0x0000000057510000,0x0000000057610000)]
  0x000000005659d800 JavaThread "Service Thread" daemon [_thread_blocked, id=6760, stack(0x00000000570a0000,0x00000000571a0000)]
  0x000000005651c000 JavaThread "C1 CompilerThread2" daemon [_thread_in_vm, id=8656, stack(0x0000000056f40000,0x0000000057040000)]
  0x000000005651a800 JavaThread "C2 CompilerThread1" daemon [_thread_in_native, id=10580, stack(0x0000000056d70000,0x0000000056e70000)]
=>0x00000000550de000 JavaThread "C2 CompilerThread0" daemon [_thread_in_native, id=10984, stack(0x0000000056bb0000,0x0000000056cb0000)]
  0x000000005650a800 JavaThread "Attach Listener" daemon [_thread_blocked, id=6852, stack(0x0000000056070000,0x0000000056170000)]
  0x00000000550ce800 JavaThread "Signal Dispatcher" daemon [_thread_blocked, id=8556, stack(0x0000000056970000,0x0000000056a70000)]
  0x00000000550bc000 JavaThread "Finalizer" daemon [_thread_blocked, id=10568, stack(0x0000000056400000,0x0000000056500000)]
  0x0000000055074800 JavaThread "Reference Handler" daemon [_thread_blocked, id=6156, stack(0x00000000562b0000,0x00000000563b0000)]
  0x000000000248f000 JavaThread "main" [_thread_blocked, id=10728, stack(0x0000000002680000,0x0000000002780000)]

Other Threads:
  0x000000005506c800 VMThread [stack: 0x0000000056180000,0x0000000056280000] [id=9324]
  0x00000000565e5800 WatcherThread [stack: 0x0000000057330000,0x0000000057430000] [id=6176]

VM state:not at safepoint (normal execution)

VM Mutex/Monitor currently owned by a thread: None

Heap:
 PSYoungGen      total 37888K, used 11495K [0x00000000eab00000, 0x00000000ed500000, 0x0000000100000000)
  eden space 32768K, 19% used [0x00000000eab00000,0x00000000eb13da80,0x00000000ecb00000)
  from space 5120K, 99% used [0x00000000ecb00000,0x00000000ecffc330,0x00000000ed000000)
  to   space 5120K, 0% used [0x00000000ed000000,0x00000000ed000000,0x00000000ed500000)
 ParOldGen       total 86016K, used 1665K [0x00000000c0000000, 0x00000000c5400000, 0x00000000eab00000)
  object space 86016K, 1% used [0x00000000c0000000,0x00000000c01a0440,0x00000000c5400000)
 Metaspace       used 6027K, capacity 6900K, committed 7040K, reserved 1056768K
  class space    used 604K, capacity 620K, committed 640K, reserved 1048576K

Card table byte_map: [0x0000000011b40000,0x0000000011d50000] byte_map_base: 0x0000000011540000

Marking Bits: (ParMarkBitMap*) 0x0000000058430600
 Begin Bits: [0x00000000124e0000, 0x00000000134e0000)
 End Bits:   [0x00000000134e0000, 0x00000000144e0000)

Polling page: 0x0000000000230000

CodeCache: size=245760Kb used=4486Kb max_used=4497Kb free=241273Kb
 bounds [0x0000000002780000, 0x0000000002bf0000, 0x0000000011780000]
 total_blobs=1438 nmethods=1167 adapters=184
 compilation: disabled (not enough contiguous free space left)

Compilation events (10 events):
Event: 2.861 Thread 0x00000000550de000 nmethod 1151 0x0000000002be7a90 code [0x0000000002be7c40, 0x0000000002be8738]
Event: 2.861 Thread 0x00000000550de000 1187       4       com.android.dx.ssa.SsaMethod::bitSetFromLabelList (47 bytes)
Event: 2.872 Thread 0x00000000550de000 nmethod 1187 0x0000000002be5350 code [0x0000000002be54c0, 0x0000000002be5968]
Event: 3.205 Thread 0x00000000550de000 1199       4       com.android.dx.ssa.SsaBasicBlock::forEachInsn (37 bytes)
Event: 3.205 Thread 0x000000005651a800 1194       4       com.android.dx.ssa.NormalSsaInsn::accept (25 bytes)
Event: 3.205 Thread 0x000000005651c000 1186       2       java.util.Collections$UnmodifiableCollection$1::hasNext (10 bytes)
Event: 3.205 Thread 0x000000005651c000 nmethod 1186 0x0000000002bd3b50 code [0x0000000002bd3cc0, 0x0000000002bd3e48]
Event: 3.205 Thread 0x000000005651c000 1196       1       com.android.dx.rop.code.Insn$BaseVisitor::visitThrowingCstInsn (1 bytes)
Event: 3.206 Thread 0x000000005651c000 nmethod 1196 0x0000000002bd7590 code [0x0000000002bd76e0, 0x0000000002bd77f0]
Event: 3.206 Thread 0x000000005651c000 1193       3       com.android.dx.ssa.SsaConverter::placePhiFunctions (394 bytes)

GC Heap History (2 events):
Event: 2.914 GC heap before
{Heap before GC invocations=1 (full 0):
 PSYoungGen      total 37888K, used 32768K [0x00000000eab00000, 0x00000000ed500000, 0x0000000100000000)
  eden space 32768K, 100% used [0x00000000eab00000,0x00000000ecb00000,0x00000000ecb00000)
  from space 5120K, 0% used [0x00000000ed000000,0x00000000ed000000,0x00000000ed500000)
  to   space 5120K, 0% used [0x00000000ecb00000,0x00000000ecb00000,0x00000000ed000000)
 ParOldGen       total 86016K, used 0K [0x00000000c0000000, 0x00000000c5400000, 0x00000000eab00000)
  object space 86016K, 0% used [0x00000000c0000000,0x00000000c0000000,0x00000000c5400000)
 Metaspace       used 5967K, capacity 6900K, committed 7040K, reserved 1056768K
  class space    used 604K, capacity 620K, committed 640K, reserved 1048576K
Event: 3.181 GC heap after
Heap after GC invocations=1 (full 0):
 PSYoungGen      total 37888K, used 5104K [0x00000000eab00000, 0x00000000ed500000, 0x0000000100000000)
  eden space 32768K, 0% used [0x00000000eab00000,0x00000000eab00000,0x00000000ecb00000)
  from space 5120K, 99% used [0x00000000ecb00000,0x00000000ecffc330,0x00000000ed000000)
  to   space 5120K, 0% used [0x00000000ed000000,0x00000000ed000000,0x00000000ed500000)
 ParOldGen       total 86016K, used 1665K [0x00000000c0000000, 0x00000000c5400000, 0x00000000eab00000)
  object space 86016K, 1% used [0x00000000c0000000,0x00000000c01a0440,0x00000000c5400000)
 Metaspace       used 5967K, capacity 6900K, committed 7040K, reserved 1056768K
  class space    used 604K, capacity 620K, committed 640K, reserved 1048576K
}

Deoptimization events (7 events):
Event: 2.137 Thread 0x000000005680e800 Uncommon trap: reason=unstable_if action=reinterpret pc=0x00000000029921ec method=java.util.HashMap.getNode(ILjava/lang/Object;)Ljava/util/HashMap$Node; @ 62
Event: 2.240 Thread 0x000000005677e800 Uncommon trap: reason=unstable_if action=reinterpret pc=0x0000000002990720 method=java.util.BitSet.nextSetBit(I)I @ 87
Event: 2.611 Thread 0x000000005680e800 Uncommon trap: reason=class_check action=maybe_recompile pc=0x00000000029e6140 method=com.android.dx.ssa.NormalSsaInsn.accept(Lcom/android/dx/ssa/SsaInsn$Visitor;)V @ 9
Event: 2.611 Thread 0x000000005680e800 Uncommon trap: reason=class_check action=maybe_recompile pc=0x00000000029e6140 method=com.android.dx.ssa.NormalSsaInsn.accept(Lcom/android/dx/ssa/SsaInsn$Visitor;)V @ 9
Event: 2.611 Thread 0x000000005680e800 Uncommon trap: reason=class_check action=maybe_recompile pc=0x00000000029e6140 method=com.android.dx.ssa.NormalSsaInsn.accept(Lcom/android/dx/ssa/SsaInsn$Visitor;)V @ 9
Event: 2.693 Thread 0x000000005680e800 Uncommon trap: reason=class_check action=maybe_recompile pc=0x00000000029e6140 method=com.android.dx.ssa.NormalSsaInsn.accept(Lcom/android/dx/ssa/SsaInsn$Visitor;)V @ 9
Event: 2.694 Thread 0x000000005680e800 Uncommon trap: reason=class_check action=maybe_recompile pc=0x00000000029dc4e0 method=com.android.dx.ssa.NormalSsaInsn.accept(Lcom/android/dx/ssa/SsaInsn$Visitor;)V @ 9

Internal exceptions (2 events):
Event: 0.090 Thread 0x000000000248f000 Exception <a 'java/lang/NoSuchMethodError': Method sun.misc.Unsafe.defineClass(Ljava/lang/String;[BII)Ljava/lang/Class; name or signature does not match> (0x00000000eab07cc0) thrown at [D:\re\workspace\8-2-build-windows-amd64-cygwin\jdk8u77\6540\hotspot\srdœ‰/ÿ·?
Event: 0.090 Thread 0x000000000248f000 Exception <a 'java/lang/NoSuchMethodError': Method sun.misc.Unsafe.prefetchRead(Ljava/lang/Object;J)V name or signature does not match> (0x00000000eab07fa8) thrown at [D:\re\workspace\8-2-build-windows-amd64-cygwin\jdk8u77\6540\hotspot\src\share\vm\prims\j

Events (10 events):
Event: 2.694 Thread 0x000000005680e800 DEOPT PACKING pc=0x00000000029dc4e0 sp=0x000000005798e9b0
Event: 2.694 Thread 0x000000005680e800 DEOPT UNPACKING pc=0x00000000027c582a sp=0x000000005798e950 mode 2
Event: 2.707 loading class java/util/TreeMap$EntrySet
Event: 2.707 loading class java/util/TreeMap$EntrySet done
Event: 2.707 loading class java/util/TreeMap$EntryIterator
Event: 2.708 loading class java/util/TreeMap$EntryIterator done
Event: 2.708 Executing VM operation: Deoptimize
Event: 2.749 Executing VM operation: Deoptimize done
Event: 2.914 Executing VM operation: ParallelGCFailedAllocation
Event: 3.181 Executing VM operation: ParallelGCFailedAllocation done


Dynamic libraries:
0x000000013f6d0000 - 0x000000013f707000 	C:\win7_x64\Java\bin\java.exe
0x0000000077350000 - 0x00000000774fa000 	D:\Windows\SYSTEM32\ntdll.dll
0x0000000076ff0000 - 0x000000007710f000 	D:\Windows\system32\kernel32.dll
0x000007fefd030000 - 0x000007fefd09a000 	D:\Windows\system32\KERNELBASE.dll
0x000007fefd970000 - 0x000007fefda4b000 	D:\Windows\system32\ADVAPI32.dll
0x000007feff5c0000 - 0x000007feff65f000 	D:\Windows\system32\msvcrt.dll
0x000007feff2f0000 - 0x000007feff30f000 	D:\Windows\SYSTEM32\sechost.dll
0x000007fefdaa0000 - 0x000007fefdbcd000 	D:\Windows\system32\RPCRT4.dll
0x0000000077250000 - 0x000000007734a000 	D:\Windows\system32\USER32.dll
0x000007fefd2c0000 - 0x000007fefd327000 	D:\Windows\system32\GDI32.dll
0x000007fefda90000 - 0x000007fefda9e000 	D:\Windows\system32\LPK.dll
0x000007feff220000 - 0x000007feff2ea000 	D:\Windows\system32\USP10.dll
0x000007fefba10000 - 0x000007fefbc04000 	D:\Windows\WinSxS\amd64_microsoft.windows.common-controls_6595b64144ccf1df_6.0.7601.18837_none_fa3b1e3d17594757\COMCTL32.dll
0x000007feff540000 - 0x000007feff5b1000 	D:\Windows\system32\SHLWAPI.dll
0x000007fefda60000 - 0x000007fefda8e000 	D:\Windows\system32\IMM32.DLL
0x000007fefdf40000 - 0x000007fefe049000 	D:\Windows\system32\MSCTF.dll
0x0000000057b40000 - 0x0000000057c12000 	C:\win7_x64\Java\jre\bin\msvcr100.dll
0x0000000057c20000 - 0x00000000584b0000 	C:\win7_x64\Java\jre\bin\server\jvm.dll
0x000007fef98f0000 - 0x000007fef98f9000 	D:\Windows\system32\WSOCK32.dll
0x000007feff0d0000 - 0x000007feff11d000 	D:\Windows\system32\WS2_32.dll
0x000007fefda50000 - 0x000007fefda58000 	D:\Windows\system32\NSI.dll
0x000007fefcf50000 - 0x000007fefcf8b000 	D:\Windows\system32\WINMM.dll
0x000007fefbf00000 - 0x000007fefbf0c000 	D:\Windows\system32\VERSION.dll
0x0000000077510000 - 0x0000000077517000 	D:\Windows\system32\PSAPI.DLL
0x00000000728b0000 - 0x00000000728bf000 	C:\win7_x64\Java\jre\bin\verify.dll
0x0000000064e10000 - 0x0000000064e39000 	C:\win7_x64\Java\jre\bin\java.dll
0x000000006e140000 - 0x000000006e156000 	C:\win7_x64\Java\jre\bin\zip.dll
0x000007fefe0d0000 - 0x000007fefee59000 	D:\Windows\system32\SHELL32.dll
0x000007feff330000 - 0x000007feff533000 	D:\Windows\system32\ole32.dll
0x000007fefce60000 - 0x000007fefce6f000 	D:\Windows\system32\profapi.dll

VM Arguments:
jvm_args: -Djava.awt.headless=true -Xmx1024M -Dfile.encoding=GBK -Duser.country=CN -Duser.language=zh -Duser.variant 
java_command: com.android.dx.command.Main --dex --force-jumbo --num-threads=4 --output C:\win7_x64\Android\workplace\NoDesignModeFrameWork\app\build\intermediates\pre-dexed\debug\com.android.support-support-media-compat-24.2.0_17af30145199d63daa11b623b675c59b2b53029c.jar C:\win7_x64\Android\workplace\NoDesignModeFrameWork\app\build\intermediates\exploded-aar\com.android.support\support-media-compat\24.2.0\jars\classes.jar
java_class_path (initial): C:\win7_x64\Android\sdk\build-tools\24.0.0\lib\dx.jar
Launcher Type: SUN_STANDARD

Environment Variables:
JAVA_HOME=C:\win7_x64\Java
CLASSPATH=.;C:\win7_x64\Java\lib;C:\win7_x64\apache-ant-1.9.4\lib
PATH=D:\ProgramData\Oracle\Java\javapath;C:\win7_x64\Python27\;D:\Program Files\Common Files\Microsoft Shared\Windows Live;D:\Windows\system32;D:\Windows;D:\Windows\System32\Wbem;D:\Windows\System32\WindowsPowerShell\v1.0\;D:\Program Files (x86)\ATI Technologies\ATI.ACE\Core-Static;D:\Program Files\Lenovo\Bluetooth Software\;D:\Program Files\Lenovo\Bluetooth Software\syswow64;D:\Program Files\Intel\WiFi\bin\;D:\Program Files\Common Files\Intel\WirelessCommon\;C:\win7_x64\VisualSVN Server\bin;C:\win7_x64\TortoiseSVN\bin;C:\win7_x64\TortoiseGit\bin;D:\Program Files (x86)\Windows Kits\8.1\Windows Performance Toolkit\;C:\win7_x64\MySQL\MySQL Server 5.5\bin;C:\win7_x64\nodejs\;C:\win7_x64\cocos2dx\cocos2d-x-3.8.1\templates;C:\win7_x64\cocos2dx\cocos2d-x-3.8.1\tools\cocos2d-console\bin;D:\Program Files\Common Files\Microsoft Shared\Windows Live;C:\win7_x64\Java\bin;C:\win7_x64\apache-ant-1.9.4\bin;C:\win7_x64\Git\bin;C:\win7_x64\Git\libexec\git-core;C:\win7_x64\Android\sdk\tools;C:\win7_x64\Android\sdk\platform-tools;C:\win7_x64\sonar-scanner-2.5.1\bin;D:\Users\niu\AppData\Roaming\npm;C:\win7_x64\Android\sdk\build-tools\22.0.1;C:\win7_x64\Android\sdk\platforms\android-22;
USERNAME=niu
OS=Windows_NT
PROCESSOR_IDENTIFIER=Intel64 Family 6 Model 37 Stepping 5, GenuineIntel



---------------  S Y S T E M  ---------------

OS: Windows 7 , 64 bit Build 7601 (6.1.7601.23418)

CPU:total 4 (2 cores per cpu, 2 threads per core) family 6 model 37 stepping 5, cmov, cx8, fxsr, mmx, sse, sse2, sse3, ssse3, sse4.1, sse4.2, popcnt, ht, tsc, tscinvbit

Memory: 4k page, physical 8180200k(1258884k free), swap 8178340k(4916k free)

vm_info: Java HotSpot(TM) 64-Bit Server VM (25.77-b03) for windows-amd64 JRE (1.8.0_77-b03), built on Mar 20 2016 22:01:33 by "java_re" with MS VC++ 10.0 (VS2010)

time: Sat Sep 10 16:32:06 2016
elapsed time: 3 seconds (0d 0h 0m 3s)

