#
# There is insufficient memory for the Java Runtime Environment to continue.
# Native memory allocation (malloc) failed to allocate 1048576 bytes for AllocateHeap
# Possible reasons:
#   The system is out of physical RAM or swap space
#   In 32 bit mode, the process size limit was hit
# Possible solutions:
#   Reduce memory load on the system
#   Increase physical memory or swap space
#   Check if swap backing store is full
#   Use 64 bit Java on a 64 bit OS
#   Decrease Java heap size (-Xmx/-Xms)
#   Decrease number of Java threads
#   Decrease Java thread stack sizes (-Xss)
#   Set larger code cache with -XX:ReservedCodeCacheSize=
# This output file may be truncated or incomplete.
#
#  Out of Memory Error (memory/allocation.inline.hpp:61), pid=6936, tid=10316
#
# JRE version:  (8.0_77-b03) (build )
# Java VM: Java HotSpot(TM) 64-Bit Server VM (25.77-b03 mixed mode windows-amd64 compressed oops)
# Failed to write core dump. Minidumps are not enabled by default on client versions of Windows
#

---------------  T H R E A D  ---------------

Current thread (0x00000000001ff000):  JavaThread "Unknown thread" [_thread_in_vm, id=10316, stack(0x0000000002660000,0x0000000002760000)]

Stack: [0x0000000002660000,0x0000000002760000]
[error occurred during error reporting (printing stack bounds), id 0xc0000005]

Native frames: (J=compiled Java code, j=interpreted, Vv=VM code, C=native code)


---------------  P R O C E S S  ---------------

Java Threads: ( => current thread )

Other Threads:

=>0x00000000001ff000 (exited) JavaThread "Unknown thread" [_thread_in_vm, id=10316, stack(0x0000000002660000,0x0000000002760000)]

VM state:not at safepoint (normal execution)

VM Mutex/Monitor currently owned by a thread: None

Heap:
 PSYoungGen      total 37888K, used 655K [0x00000000eab00000, 0x00000000ed500000, 0x0000000100000000)
  eden space 32768K, 2% used [0x00000000eab00000,0x00000000eaba3d80,0x00000000ecb00000)
  from space 5120K, 0% used [0x00000000ed000000,0x00000000ed000000,0x00000000ed500000)
  to   space 5120K, 0% used [0x00000000ecb00000,0x00000000ecb00000,0x00000000ed000000)
 ParOldGen       total 86016K, used 0K [0x00000000c0000000, 0x00000000c5400000, 0x00000000eab00000)
  object space 86016K, 0% used [0x00000000c0000000,0x00000000c0000000,0x00000000c5400000)
 Metaspace       used 769K, capacity 4480K, committed 4480K, reserved 1056768K
  class space    used 75K, capacity 384K, committed 384K, reserved 1048576K

Card table byte_map: [0x0000000011b20000,0x0000000011d30000] byte_map_base: 0x0000000011520000

Marking Bits: (ParMarkBitMap*) 0x0000000058430600
 Begin Bits: [0x00000000124e0000, 0x00000000134e0000)
 End Bits:   [0x00000000134e0000, 0x00000000144e0000)

Polling page: 0x0000000001c70000

CodeCache: size=245760Kb used=327Kb max_used=327Kb free=245432Kb
 bounds [0x0000000002760000, 0x00000000029d0000, 0x0000000011760000]
 total_blobs=57 nmethods=0 adapters=38
 compilation: enabled

Compilation events (0 events):
No events

GC Heap History (0 events):
No events

Deoptimization events (0 events):
No events

Internal exceptions (0 events):
No events

Events (10 events):
Event: 0.210 loading class java/lang/Short
Event: 0.210 loading class java/lang/Short done
Event: 0.210 loading class java/lang/Integer
Event: 0.210 loading class java/lang/Integer done
Event: 0.210 loading class java/lang/Long
Event: 0.210 loading class java/lang/Long done
Event: 0.211 loading class java/lang/NullPointerException
Event: 0.211 loading class java/lang/NullPointerException done
Event: 0.211 loading class java/lang/ArithmeticException
Event: 0.211 loading class java/lang/ArithmeticException done


Dynamic libraries:
0x000000013f6d0000 - 0x000000013f707000 	C:\win7_x64\Java\bin\java.exe
0x0000000077350000 - 0x00000000774fa000 	D:\Windows\SYSTEM32\ntdll.dll
0x0000000076ff0000 - 0x000000007710f000 	D:\Windows\system32\kernel32.dll
0x000007fefd030000 - 0x000007fefd09a000 	D:\Windows\system32\KERNELBASE.dll
0x000007fefd970000 - 0x000007fefda4b000 	D:\Windows\system32\ADVAPI32.dll
0x000007feff5c0000 - 0x000007feff65f000 	D:\Windows\system32\msvcrt.dll
0x000007feff2f0000 - 0x000007feff30f000 	D:\Windows\SYSTEM32\sechost.dll
0x000007fefdaa0000 - 0x000007fefdbcd000 	D:\Windows\system32\RPCRT4.dll
0x0000000077250000 - 0x000000007734a000 	D:\Windows\system32\USER32.dll
0x000007fefd2c0000 - 0x000007fefd327000 	D:\Windows\system32\GDI32.dll
0x000007fefda90000 - 0x000007fefda9e000 	D:\Windows\system32\LPK.dll
0x000007feff220000 - 0x000007feff2ea000 	D:\Windows\system32\USP10.dll
0x000007fefba10000 - 0x000007fefbc04000 	D:\Windows\WinSxS\amd64_microsoft.windows.common-controls_6595b64144ccf1df_6.0.7601.18837_none_fa3b1e3d17594757\COMCTL32.dll
0x000007feff540000 - 0x000007feff5b1000 	D:\Windows\system32\SHLWAPI.dll
0x000007fefda60000 - 0x000007fefda8e000 	D:\Windows\system32\IMM32.DLL
0x000007fefdf40000 - 0x000007fefe049000 	D:\Windows\system32\MSCTF.dll
0x0000000057b40000 - 0x0000000057c12000 	C:\win7_x64\Java\jre\bin\msvcr100.dll
0x0000000057c20000 - 0x00000000584b0000 	C:\win7_x64\Java\jre\bin\server\jvm.dll
0x000007fef98f0000 - 0x000007fef98f9000 	D:\Windows\system32\WSOCK32.dll
0x000007feff0d0000 - 0x000007feff11d000 	D:\Windows\system32\WS2_32.dll
0x000007fefda50000 - 0x000007fefda58000 	D:\Windows\system32\NSI.dll
0x000007fefcf50000 - 0x000007fefcf8b000 	D:\Windows\system32\WINMM.dll
0x000007fefbf00000 - 0x000007fefbf0c000 	D:\Windows\system32\VERSION.dll
0x0000000077510000 - 0x0000000077517000 	D:\Windows\system32\PSAPI.DLL
0x00000000728b0000 - 0x00000000728bf000 	C:\win7_x64\Java\jre\bin\verify.dll
0x0000000064e10000 - 0x0000000064e39000 	C:\win7_x64\Java\jre\bin\java.dll
0x000000006e140000 - 0x000000006e156000 	C:\win7_x64\Java\jre\bin\zip.dll

VM Arguments:
jvm_args: -Djava.awt.headless=true -Xmx1024M -Dfile.encoding=GBK -Duser.country=CN -Duser.language=zh -Duser.variant 
java_command: com.android.dx.command.Main --dex --force-jumbo --num-threads=4 --output C:\win7_x64\Android\workplace\NoDesignModeFrameWork\app\build\intermediates\pre-dexed\debug\internal_impl-24.2.0_3d881ffc728157ef77d654f1738f6cb30a1f7c37.jar C:\win7_x64\Android\workplace\NoDesignModeFrameWork\app\build\intermediates\exploded-aar\com.android.support\support-core-utils\24.2.0\jars\libs\internal_impl-24.2.0.jar
java_class_path (initial): C:\win7_x64\Android\sdk\build-tools\24.0.0\lib\dx.jar
Launcher Type: SUN_STANDARD

Environment Variables:
JAVA_HOME=C:\win7_x64\Java
CLASSPATH=.;C:\win7_x64\Java\lib;C:\win7_x64\apache-ant-1.9.4\lib
PATH=D:\ProgramData\Oracle\Java\javapath;C:\win7_x64\Python27\;D:\Program Files\Common Files\Microsoft Shared\Windows Live;D:\Windows\system32;D:\Windows;D:\Windows\System32\Wbem;D:\Windows\System32\WindowsPowerShell\v1.0\;D:\Program Files (x86)\ATI Technologies\ATI.ACE\Core-Static;D:\Program Files\Lenovo\Bluetooth Software\;D:\Program Files\Lenovo\Bluetooth Software\syswow64;D:\Program Files\Intel\WiFi\bin\;D:\Program Files\Common Files\Intel\WirelessCommon\;C:\win7_x64\VisualSVN Server\bin;C:\win7_x64\TortoiseSVN\bin;C:\win7_x64\TortoiseGit\bin;D:\Program Files (x86)\Windows Kits\8.1\Windows Performance Toolkit\;C:\win7_x64\MySQL\MySQL Server 5.5\bin;C:\win7_x64\nodejs\;C:\win7_x64\cocos2dx\cocos2d-x-3.8.1\templates;C:\win7_x64\cocos2dx\cocos2d-x-3.8.1\tools\cocos2d-console\bin;D:\Program Files\Common Files\Microsoft Shared\Windows Live;C:\win7_x64\Java\bin;C:\win7_x64\apache-ant-1.9.4\bin;C:\win7_x64\Git\bin;C:\win7_x64\Git\libexec\git-core;C:\win7_x64\Android\sdk\tools;C:\win7_x64\Android\sdk\platform-tools;C:\win7_x64\sonar-scanner-2.5.1\bin;D:\Users\niu\AppData\Roaming\npm;C:\win7_x64\Android\sdk\build-tools\22.0.1;C:\win7_x64\Android\sdk\platforms\android-22;
USERNAME=niu
OS=Windows_NT
PROCESSOR_IDENTIFIER=Intel64 Family 6 Model 37 Stepping 5, GenuineIntel



---------------  S Y S T E M  ---------------

OS: Windows 7 , 64 bit Build 7601 (6.1.7601.23418)

CPU:total 4 (2 cores per cpu, 2 threads per core) family 6 model 37 stepping 5, cmov, cx8, fxsr, mmx, sse, sse2, sse3, ssse3, sse4.1, sse4.2, popcnt, ht, tsc, tscinvbit

Memory: 4k page, physical 8180200k(1348340k free), swap 8178340k(109668k free)

vm_info: Java HotSpot(TM) 64-Bit Server VM (25.77-b03) for windows-amd64 JRE (1.8.0_77-b03), built on Mar 20 2016 22:01:33 by "java_re" with MS VC++ 10.0 (VS2010)

time: Sat Sep 10 16:31:54 2016
elapsed time: 0 seconds (0d 0h 0m 0s)

