#
# There is insufficient memory for the Java Runtime Environment to continue.
# Native memory allocation (malloc) failed to allocate 401696 bytes for Chunk::new
# Possible reasons:
#   The system is out of physical RAM or swap space
#   In 32 bit mode, the process size limit was hit
# Possible solutions:
#   Reduce memory load on the system
#   Increase physical memory or swap space
#   Check if swap backing store is full
#   Use 64 bit Java on a 64 bit OS
#   Decrease Java heap size (-Xmx/-Xms)
#   Decrease number of Java threads
#   Decrease Java thread stack sizes (-Xss)
#   Set larger code cache with -XX:ReservedCodeCacheSize=
# This output file may be truncated or incomplete.
#
#  Out of Memory Error (allocation.cpp:390), pid=6280, tid=8556
#
# JRE version: Java(TM) SE Runtime Environment (8.0_77-b03) (build 1.8.0_77-b03)
# Java VM: Java HotSpot(TM) 64-Bit Server VM (25.77-b03 mixed mode windows-amd64 compressed oops)
# Failed to write core dump. Minidumps are not enabled by default on client versions of Windows
#

---------------  T H R E A D  ---------------

Current thread (0x0000000056505800):  JavaThread "C2 CompilerThread1" daemon [_thread_in_native, id=8556, stack(0x0000000056db0000,0x0000000056eb0000)]

Stack: [0x0000000056db0000,0x0000000056eb0000]
[error occurred during error reporting (printing stack bounds), id 0xc0000005]

Native frames: (J=compiled Java code, j=interpreted, Vv=VM code, C=native code)


Current CompileTask:
C2:   3595  907       4       com.android.dx.ssa.back.LivenessAnalyzer::handleTailRecursion (94 bytes)


---------------  P R O C E S S  ---------------

Java Threads: ( => current thread )
  0x00000000567a5000 JavaThread "pool-1-thread-4" [_thread_blocked, id=9948, stack(0x0000000058840000,0x0000000058940000)]
  0x000000005688c000 JavaThread "pool-1-thread-3" [_thread_in_Java, id=8656, stack(0x0000000056920000,0x0000000056a20000)]
  0x0000000056889000 JavaThread "pool-1-thread-2" [_thread_in_Java, id=10580, stack(0x0000000058730000,0x0000000058830000)]
  0x00000000567a2800 JavaThread "pool-2-thread-1" [_thread_blocked, id=7612, stack(0x0000000057a30000,0x0000000057b30000)]
  0x0000000056885800 JavaThread "pool-1-thread-1" [_thread_blocked, id=10984, stack(0x0000000058540000,0x0000000058640000)]
  0x0000000056589800 JavaThread "Service Thread" daemon [_thread_blocked, id=6852, stack(0x0000000057100000,0x0000000057200000)]
  0x0000000056507800 JavaThread "C1 CompilerThread2" daemon [_thread_blocked, id=8832, stack(0x0000000056fb0000,0x00000000570b0000)]
=>0x0000000056505800 JavaThread "C2 CompilerThread1" daemon [_thread_in_native, id=8556, stack(0x0000000056db0000,0x0000000056eb0000)]
  0x000000005514f800 JavaThread "C2 CompilerThread0" daemon [_thread_blocked, id=10640, stack(0x0000000056bc0000,0x0000000056cc0000)]
  0x000000005514c000 JavaThread "Attach Listener" daemon [_thread_blocked, id=10900, stack(0x0000000056a50000,0x0000000056b50000)]
  0x00000000564fa800 JavaThread "Signal Dispatcher" daemon [_thread_blocked, id=7472, stack(0x0000000055f20000,0x0000000056020000)]
  0x000000005512b800 JavaThread "Finalizer" daemon [_thread_blocked, id=10568, stack(0x00000000563f0000,0x00000000564f0000)]
  0x00000000550e4000 JavaThread "Reference Handler" daemon [_thread_blocked, id=11160, stack(0x00000000561c0000,0x00000000562c0000)]
  0x00000000025bf000 JavaThread "main" [_thread_in_vm, id=11052, stack(0x0000000002710000,0x0000000002810000)]

Other Threads:
  0x00000000550dc000 VMThread [stack: 0x0000000056080000,0x0000000056180000] [id=6156]
  0x00000000565d0000 WatcherThread [stack: 0x00000000562f0000,0x00000000563f0000] [id=11024]

VM state:not at safepoint (normal execution)

VM Mutex/Monitor currently owned by a thread: None

Heap:
 PSYoungGen      total 37888K, used 26239K [0x00000000eab00000, 0x00000000ed500000, 0x0000000100000000)
  eden space 32768K, 80% used [0x00000000eab00000,0x00000000ec49fca8,0x00000000ecb00000)
  from space 5120K, 0% used [0x00000000ed000000,0x00000000ed000000,0x00000000ed500000)
  to   space 5120K, 0% used [0x00000000ecb00000,0x00000000ecb00000,0x00000000ed000000)
 ParOldGen       total 86016K, used 0K [0x00000000c0000000, 0x00000000c5400000, 0x00000000eab00000)
  object space 86016K, 0% used [0x00000000c0000000,0x00000000c0000000,0x00000000c5400000)
 Metaspace       used 5875K, capacity 6772K, committed 7040K, reserved 1056768K
  class space    used 601K, capacity 620K, committed 640K, reserved 1048576K

Card table byte_map: [0x0000000011bd0000,0x0000000011de0000] byte_map_base: 0x00000000115d0000

Marking Bits: (ParMarkBitMap*) 0x0000000058430600
 Begin Bits: [0x0000000012550000, 0x0000000013550000)
 End Bits:   [0x0000000013550000, 0x0000000014550000)

Polling page: 0x0000000000330000

CodeCache: size=245760Kb used=3435Kb max_used=3439Kb free=242324Kb
 bounds [0x0000000002810000, 0x0000000002b70000, 0x0000000011810000]
 total_blobs=1143 nmethods=870 adapters=184
 compilation: disabled (not enough contiguous free space left)

Compilation events (10 events):
Event: 3.578 Thread 0x0000000056507800 nmethod 894 0x0000000002b65990 code [0x0000000002b65b40, 0x0000000002b661d8]
Event: 3.578 Thread 0x0000000056507800  900       3       com.android.dx.ssa.SCCP::addUsersToWorklist (103 bytes)
Event: 3.579 Thread 0x0000000056505800 nmethod 878 0x0000000002b6edd0 code [0x0000000002b6ef40, 0x0000000002b6f5b8]
Event: 3.579 Thread 0x0000000056505800  898       4       com.android.dx.rop.cst.CstString::compareTo0 (15 bytes)
Event: 3.579 Thread 0x0000000056507800 nmethod 900 0x0000000002b6cb10 code [0x0000000002b6cde0, 0x0000000002b6e298]
Event: 3.579 Thread 0x0000000056507800  902       3       com.android.dx.ssa.DeadCodeRemover::isCircularNoSideEffect (140 bytes)
Event: 3.580 Thread 0x0000000056505800 

Event: 3.580 Thread 0x0000000056505800  907       4       com.android.dx.ssa.back.LivenessAnalyzer::handleTailRecursion (94 bytes)
Event: 3.582 Thread 0x0000000056507800 

Event: 3.591 Thread 0x000000005514f800 


GC Heap History (0 events):
No events

Deoptimization events (9 events):
Event: 3.321 Thread 0x000000005688c000 Uncommon trap: reason=class_check action=maybe_recompile pc=0x0000000002a267a0 method=com.android.dx.ssa.NormalSsaInsn.accept(Lcom/android/dx/ssa/SsaInsn$Visitor;)V @ 9
Event: 3.387 Thread 0x000000005688c000 Uncommon trap: reason=class_check action=maybe_recompile pc=0x0000000002a13a5c method=com.android.dx.rop.type.Type.equals(Ljava/lang/Object;)Z @ 8
Event: 3.388 Thread 0x000000005688c000 Uncommon trap: reason=class_check action=maybe_recompile pc=0x0000000002a13a5c method=com.android.dx.rop.type.Type.equals(Ljava/lang/Object;)Z @ 8
Event: 3.388 Thread 0x000000005688c000 Uncommon trap: reason=class_check action=maybe_recompile pc=0x0000000002a13a5c method=com.android.dx.rop.type.Type.equals(Ljava/lang/Object;)Z @ 8
Event: 3.388 Thread 0x000000005688c000 Uncommon trap: reason=class_check action=maybe_recompile pc=0x0000000002a13a5c method=com.android.dx.rop.type.Type.equals(Ljava/lang/Object;)Z @ 8
Event: 3.401 Thread 0x000000005688c000 Uncommon trap: reason=unstable_if action=reinterpret pc=0x0000000002a21e24 method=java.util.BitSet.ensureCapacity(I)V @ 6
Event: 3.401 Thread 0x000000005688c000 Uncommon trap: reason=unstable_if action=reinterpret pc=0x0000000002a19ba0 method=java.util.BitSet.nextSetBit(I)I @ 87
Event: 3.448 Thread 0x000000005688c000 Uncommon trap: reason=unstable_if action=reinterpret pc=0x0000000002a1882c method=java.util.HashMap.getNode(ILjava/lang/Object;)Ljava/util/HashMap$Node; @ 129
Event: 3.520 Thread 0x000000005688c000 Uncommon trap: reason=class_check action=maybe_recompile pc=0x0000000002afe950 method=com.android.dx.ssa.NormalSsaInsn.accept(Lcom/android/dx/ssa/SsaInsn$Visitor;)V @ 9

Internal exceptions (2 events):
Event: 0.052 Thread 0x00000000025bf000 Exception <a 'java/lang/NoSuchMethodError': Method sun.misc.Unsafe.defineClass(Ljava/lang/String;[BII)Ljava/lang/Class; name or signature does not match> (0x00000000eab07cc0) thrown at [D:\re\workspace\8-2-build-windows-amd64-cygwin\jdk8u77\6540\hotspot\srì^ÔmØqª?
Event: 0.052 Thread 0x00000000025bf000 Exception <a 'java/lang/NoSuchMethodError': Method sun.misc.Unsafe.prefetchRead(Ljava/lang/Object;J)V name or signature does not match> (0x00000000eab07fa8) thrown at [D:\re\workspace\8-2-build-windows-amd64-cygwin\jdk8u77\6540\hotspot\src\share\vm\prims\j

Events (10 events):
Event: 3.448 Thread 0x000000005688c000 Uncommon trap: trap_request=0xffffff65 fr.pc=0x0000000002a1882c
Event: 3.448 Thread 0x000000005688c000 DEOPT PACKING pc=0x0000000002a1882c sp=0x0000000056a1e820
Event: 3.448 Thread 0x000000005688c000 DEOPT UNPACKING pc=0x000000000285582a sp=0x0000000056a1e740 mode 2
Event: 3.520 loading class java/util/TreeMap$EntrySet
Event: 3.520 loading class java/util/TreeMap$EntrySet done
Event: 3.520 loading class java/util/TreeMap$EntryIterator
Event: 3.520 loading class java/util/TreeMap$EntryIterator done
Event: 3.520 Thread 0x000000005688c000 Uncommon trap: trap_request=0xffffffde fr.pc=0x0000000002afe950
Event: 3.520 Thread 0x000000005688c000 DEOPT PACKING pc=0x0000000002afe950 sp=0x0000000056a1e9f0
Event: 3.520 Thread 0x000000005688c000 DEOPT UNPACKING pc=0x000000000285582a sp=0x0000000056a1e9c0 mode 2


Dynamic libraries:
0x000000013f6d0000 - 0x000000013f707000 	C:\win7_x64\Java\bin\java.exe
0x0000000077350000 - 0x00000000774fa000 	D:\Windows\SYSTEM32\ntdll.dll
0x0000000076ff0000 - 0x000000007710f000 	D:\Windows\system32\kernel32.dll
0x000007fefd030000 - 0x000007fefd09a000 	D:\Windows\system32\KERNELBASE.dll
0x000007fefd970000 - 0x000007fefda4b000 	D:\Windows\system32\ADVAPI32.dll
0x000007feff5c0000 - 0x000007feff65f000 	D:\Windows\system32\msvcrt.dll
0x000007feff2f0000 - 0x000007feff30f000 	D:\Windows\SYSTEM32\sechost.dll
0x000007fefdaa0000 - 0x000007fefdbcd000 	D:\Windows\system32\RPCRT4.dll
0x0000000077250000 - 0x000000007734a000 	D:\Windows\system32\USER32.dll
0x000007fefd2c0000 - 0x000007fefd327000 	D:\Windows\system32\GDI32.dll
0x000007fefda90000 - 0x000007fefda9e000 	D:\Windows\system32\LPK.dll
0x000007feff220000 - 0x000007feff2ea000 	D:\Windows\system32\USP10.dll
0x000007fefba10000 - 0x000007fefbc04000 	D:\Windows\WinSxS\amd64_microsoft.windows.common-controls_6595b64144ccf1df_6.0.7601.18837_none_fa3b1e3d17594757\COMCTL32.dll
0x000007feff540000 - 0x000007feff5b1000 	D:\Windows\system32\SHLWAPI.dll
0x000007fefda60000 - 0x000007fefda8e000 	D:\Windows\system32\IMM32.DLL
0x000007fefdf40000 - 0x000007fefe049000 	D:\Windows\system32\MSCTF.dll
0x0000000057b40000 - 0x0000000057c12000 	C:\win7_x64\Java\jre\bin\msvcr100.dll
0x0000000057c20000 - 0x00000000584b0000 	C:\win7_x64\Java\jre\bin\server\jvm.dll
0x000007fef98f0000 - 0x000007fef98f9000 	D:\Windows\system32\WSOCK32.dll
0x000007feff0d0000 - 0x000007feff11d000 	D:\Windows\system32\WS2_32.dll
0x000007fefda50000 - 0x000007fefda58000 	D:\Windows\system32\NSI.dll
0x000007fefcf50000 - 0x000007fefcf8b000 	D:\Windows\system32\WINMM.dll
0x000007fefbf00000 - 0x000007fefbf0c000 	D:\Windows\system32\VERSION.dll
0x0000000077510000 - 0x0000000077517000 	D:\Windows\system32\PSAPI.DLL
0x00000000728b0000 - 0x00000000728bf000 	C:\win7_x64\Java\jre\bin\verify.dll
0x0000000064e10000 - 0x0000000064e39000 	C:\win7_x64\Java\jre\bin\java.dll
0x000000006e140000 - 0x000000006e156000 	C:\win7_x64\Java\jre\bin\zip.dll
0x000007fefe0d0000 - 0x000007fefee59000 	D:\Windows\system32\SHELL32.dll
0x000007feff330000 - 0x000007feff533000 	D:\Windows\system32\ole32.dll
0x000007fefce60000 - 0x000007fefce6f000 	D:\Windows\system32\profapi.dll

VM Arguments:
jvm_args: -Djava.awt.headless=true -Xmx1024M -Dfile.encoding=GBK -Duser.country=CN -Duser.language=zh -Duser.variant 
java_command: com.android.dx.command.Main --dex --force-jumbo --num-threads=4 --output C:\win7_x64\Android\workplace\NoDesignModeFrameWork\app\build\intermediates\pre-dexed\debug\internal_impl-24.2.0_407ec142b45e43e8cf8d94f7e16a9368d1a0707e.jar C:\win7_x64\Android\workplace\NoDesignModeFrameWork\app\build\intermediates\exploded-aar\com.android.support\support-compat\24.2.0\jars\libs\internal_impl-24.2.0.jar
java_class_path (initial): C:\win7_x64\Android\sdk\build-tools\24.0.0\lib\dx.jar
Launcher Type: SUN_STANDARD

Environment Variables:
JAVA_HOME=C:\win7_x64\Java
CLASSPATH=.;C:\win7_x64\Java\lib;C:\win7_x64\apache-ant-1.9.4\lib
PATH=D:\ProgramData\Oracle\Java\javapath;C:\win7_x64\Python27\;D:\Program Files\Common Files\Microsoft Shared\Windows Live;D:\Windows\system32;D:\Windows;D:\Windows\System32\Wbem;D:\Windows\System32\WindowsPowerShell\v1.0\;D:\Program Files (x86)\ATI Technologies\ATI.ACE\Core-Static;D:\Program Files\Lenovo\Bluetooth Software\;D:\Program Files\Lenovo\Bluetooth Software\syswow64;D:\Program Files\Intel\WiFi\bin\;D:\Program Files\Common Files\Intel\WirelessCommon\;C:\win7_x64\VisualSVN Server\bin;C:\win7_x64\TortoiseSVN\bin;C:\win7_x64\TortoiseGit\bin;D:\Program Files (x86)\Windows Kits\8.1\Windows Performance Toolkit\;C:\win7_x64\MySQL\MySQL Server 5.5\bin;C:\win7_x64\nodejs\;C:\win7_x64\cocos2dx\cocos2d-x-3.8.1\templates;C:\win7_x64\cocos2dx\cocos2d-x-3.8.1\tools\cocos2d-console\bin;D:\Program Files\Common Files\Microsoft Shared\Windows Live;C:\win7_x64\Java\bin;C:\win7_x64\apache-ant-1.9.4\bin;C:\win7_x64\Git\bin;C:\win7_x64\Git\libexec\git-core;C:\win7_x64\Android\sdk\tools;C:\win7_x64\Android\sdk\platform-tools;C:\win7_x64\sonar-scanner-2.5.1\bin;D:\Users\niu\AppData\Roaming\npm;C:\win7_x64\Android\sdk\build-tools\22.0.1;C:\win7_x64\Android\sdk\platforms\android-22;
USERNAME=niu
OS=Windows_NT
PROCESSOR_IDENTIFIER=Intel64 Family 6 Model 37 Stepping 5, GenuineIntel



---------------  S Y S T E M  ---------------

OS: Windows 7 , 64 bit Build 7601 (6.1.7601.23418)

CPU:total 4 (2 cores per cpu, 2 threads per core) family 6 model 37 stepping 5, cmov, cx8, fxsr, mmx, sse, sse2, sse3, ssse3, sse4.1, sse4.2, popcnt, ht, tsc, tscinvbit

Memory: 4k page, physical 8180200k(1296116k free), swap 8178340k(5092k free)

vm_info: Java HotSpot(TM) 64-Bit Server VM (25.77-b03) for windows-amd64 JRE (1.8.0_77-b03), built on Mar 20 2016 22:01:33 by "java_re" with MS VC++ 10.0 (VS2010)

time: Sat Sep 10 16:31:59 2016
elapsed time: 3 seconds (0d 0h 0m 3s)

