#
# There is insufficient memory for the Java Runtime Environment to continue.
# Native memory allocation (malloc) failed to allocate 352256 bytes for Chunk::new
# Possible reasons:
#   The system is out of physical RAM or swap space
#   In 32 bit mode, the process size limit was hit
# Possible solutions:
#   Reduce memory load on the system
#   Increase physical memory or swap space
#   Check if swap backing store is full
#   Use 64 bit Java on a 64 bit OS
#   Decrease Java heap size (-Xmx/-Xms)
#   Decrease number of Java threads
#   Decrease Java thread stack sizes (-Xss)
#   Set larger code cache with -XX:ReservedCodeCacheSize=
# This output file may be truncated or incomplete.
#
#  Out of Memory Error (allocation.cpp:390), pid=8896, tid=10696
#
# JRE version: Java(TM) SE Runtime Environment (8.0_77-b03) (build 1.8.0_77-b03)
# Java VM: Java HotSpot(TM) 64-Bit Server VM (25.77-b03 mixed mode windows-amd64 compressed oops)
# Failed to write core dump. Minidumps are not enabled by default on client versions of Windows
#

---------------  T H R E A D  ---------------

Current thread (0x0000000055033000):  JavaThread "C2 CompilerThread0" daemon [_thread_in_native, id=10696, stack(0x0000000056bc0000,0x0000000056cc0000)]

Stack: [0x0000000056bc0000,0x0000000056cc0000]
[error occurred during error reporting (printing stack bounds), id 0xc0000005]

Native frames: (J=compiled Java code, j=interpreted, Vv=VM code, C=native code)


Current CompileTask:
C2:   4357  979       4       com.android.dx.dex.code.OutputFinisher::addConstants (93 bytes)


---------------  P R O C E S S  ---------------

Java Threads: ( => current thread )
  0x000000005663d000 JavaThread "Service Thread" daemon [_thread_blocked, id=3756, stack(0x0000000057120000,0x0000000057220000)]
  0x00000000565ce800 JavaThread "C1 CompilerThread2" daemon [_thread_blocked, id=6760, stack(0x0000000056f50000,0x0000000057050000)]
  0x00000000565c9000 JavaThread "C2 CompilerThread1" daemon [_thread_blocked, id=10824, stack(0x0000000056d20000,0x0000000056e20000)]
=>0x0000000055033000 JavaThread "C2 CompilerThread0" daemon [_thread_in_native, id=10696, stack(0x0000000056bc0000,0x0000000056cc0000)]
  0x00000000565bb800 JavaThread "Attach Listener" daemon [_thread_blocked, id=1344, stack(0x00000000563a0000,0x00000000564a0000)]
  0x00000000565ba800 JavaThread "Signal Dispatcher" daemon [_thread_blocked, id=7632, stack(0x0000000056a30000,0x0000000056b30000)]
  0x0000000055016000 JavaThread "Finalizer" daemon [_thread_blocked, id=10064, stack(0x00000000564b0000,0x00000000565b0000)]
  0x0000000054fd4800 JavaThread "Reference Handler" daemon [_thread_blocked, id=7560, stack(0x00000000562a0000,0x00000000563a0000)]
  0x000000000239f000 JavaThread "main" [_thread_in_Java, id=1940, stack(0x00000000026a0000,0x00000000027a0000)]

Other Threads:
  0x0000000054fcc800 VMThread [stack: 0x0000000056070000,0x0000000056170000] [id=10940]
  0x0000000056640800 WatcherThread [stack: 0x0000000057250000,0x0000000057350000] [id=9644]

VM state:not at safepoint (normal execution)

VM Mutex/Monitor currently owned by a thread: None

Heap:
 PSYoungGen      total 37888K, used 20341K [0x00000000eab00000, 0x00000000ed500000, 0x0000000100000000)
  eden space 32768K, 62% used [0x00000000eab00000,0x00000000ebedd560,0x00000000ecb00000)
  from space 5120K, 0% used [0x00000000ed000000,0x00000000ed000000,0x00000000ed500000)
  to   space 5120K, 0% used [0x00000000ecb00000,0x00000000ecb00000,0x00000000ed000000)
 ParOldGen       total 86016K, used 0K [0x00000000c0000000, 0x00000000c5400000, 0x00000000eab00000)
  object space 86016K, 0% used [0x00000000c0000000,0x00000000c0000000,0x00000000c5400000)
 Metaspace       used 6096K, capacity 7000K, committed 7168K, reserved 1056768K
  class space    used 621K, capacity 656K, committed 768K, reserved 1048576K

Card table byte_map: [0x0000000011b60000,0x0000000011d70000] byte_map_base: 0x0000000011560000

Marking Bits: (ParMarkBitMap*) 0x0000000058430600
 Begin Bits: [0x0000000012440000, 0x0000000013440000)
 End Bits:   [0x0000000013440000, 0x0000000014440000)

Polling page: 0x0000000000140000

CodeCache: size=245760Kb used=4042Kb max_used=4042Kb free=241717Kb
 bounds [0x00000000027a0000, 0x0000000002ba0000, 0x00000000117a0000]
 total_blobs=1382 nmethods=1111 adapters=185
 compilation: enabled

Compilation events (10 events):
Event: 4.310 Thread 0x00000000565ce800 1109       3       java.util.Collections::sort (8 bytes)
Event: 4.310 Thread 0x00000000565ce800 nmethod 1109 0x0000000002b917d0 code [0x0000000002b91940, 0x0000000002b91b28]
Event: 4.310 Thread 0x00000000565ce800 1110       3       com.android.dx.rop.type.StdTypeList::getWordCount (33 bytes)
Event: 4.310 Thread 0x00000000565ce800 nmethod 1110 0x0000000002b91bd0 code [0x0000000002b91d60, 0x0000000002b92398]
Event: 4.311 Thread 0x00000000565ce800 1111       3       com.android.dx.dex.file.DebugInfoEncoder$1::compare (13 bytes)
Event: 4.311 Thread 0x00000000565ce800 nmethod 1111 0x0000000002b925d0 code [0x0000000002b92760, 0x0000000002b92b50]
Event: 4.311 Thread 0x00000000565ce800 1112       3       com.android.dx.dex.file.DebugInfoEncoder$1::compare (10 bytes)
Event: 4.311 Thread 0x00000000565ce800 nmethod 1112 0x0000000002b92cd0 code [0x0000000002b92e40, 0x0000000002b92ff0]
Event: 4.312 Thread 0x00000000565ce800 1113       3       com.android.dx.dex.file.DebugInfoEncoder::emitPosition (214 bytes)
Event: 4.314 Thread 0x00000000565ce800 nmethod 1113 0x0000000002b930d0 code [0x0000000002b933c0, 0x0000000002b94868]

GC Heap History (0 events):
No events

Deoptimization events (6 events):
Event: 2.498 Thread 0x000000000239f000 Uncommon trap: reason=unstable_if action=reinterpret pc=0x00000000029a80e0 method=java.util.BitSet.nextSetBit(I)I @ 87
Event: 2.501 Thread 0x000000000239f000 Uncommon trap: reason=unstable_if action=reinterpret pc=0x00000000029bb700 method=java.util.HashMap.getNode(ILjava/lang/Object;)Ljava/util/HashMap$Node; @ 62
Event: 2.862 Thread 0x0000000056778800 Uncommon trap: reason=bimorphic action=maybe_recompile pc=0x00000000029c0ec8 method=java.util.HashMap.getNode(ILjava/lang/Object;)Ljava/util/HashMap$Node; @ 126
Event: 2.862 Thread 0x0000000056778800 Uncommon trap: reason=bimorphic action=maybe_recompile pc=0x00000000029c0ec8 method=java.util.HashMap.getNode(ILjava/lang/Object;)Ljava/util/HashMap$Node; @ 126
Event: 2.862 Thread 0x0000000056778800 Uncommon trap: reason=bimorphic action=maybe_recompile pc=0x00000000029c0ec8 method=java.util.HashMap.getNode(ILjava/lang/Object;)Ljava/util/HashMap$Node; @ 126
Event: 2.863 Thread 0x0000000056778800 Uncommon trap: reason=bimorphic action=maybe_recompile pc=0x00000000029c0ec8 method=java.util.HashMap.getNode(ILjava/lang/Object;)Ljava/util/HashMap$Node; @ 126

Internal exceptions (2 events):
Event: 0.325 Thread 0x000000000239f000 Exception <a 'java/lang/NoSuchMethodError': Method sun.misc.Unsafe.defineClass(Ljava/lang/String;[BII)Ljava/lang/Class; name or signature does not match> (0x00000000eab07cc0) thrown at [D:\re\workspace\8-2-build-windows-amd64-cygwin\jdk8u77\6540\hotspot\sr…ÅašÎÔ?
Event: 0.325 Thread 0x000000000239f000 Exception <a 'java/lang/NoSuchMethodError': Method sun.misc.Unsafe.prefetchRead(Ljava/lang/Object;J)V name or signature does not match> (0x00000000eab07fa8) thrown at [D:\re\workspace\8-2-build-windows-amd64-cygwin\jdk8u77\6540\hotspot\src\share\vm\prims\j

Events (10 events):
Event: 4.109 loading class com/android/dx/dex/code/CatchTable
Event: 4.109 loading class com/android/dx/dex/code/CatchTable done
Event: 4.176 loading class com/android/dx/dex/file/DebugInfoEncoder
Event: 4.176 loading class com/android/dx/dex/file/DebugInfoEncoder done
Event: 4.290 loading class com/android/dx/util/ByteArrayAnnotatedOutput
Event: 4.290 loading class com/android/dx/util/ByteArrayAnnotatedOutput done
Event: 4.292 loading class com/android/dx/dex/file/DebugInfoEncoder$1
Event: 4.292 loading class com/android/dx/dex/file/DebugInfoEncoder$1 done
Event: 4.293 loading class com/android/dx/dex/file/DebugInfoEncoder$2
Event: 4.293 loading class com/android/dx/dex/file/DebugInfoEncoder$2 done


Dynamic libraries:
0x000000013f910000 - 0x000000013f947000 	C:\win7_x64\Java\bin\java.exe
0x0000000077350000 - 0x00000000774fa000 	D:\Windows\SYSTEM32\ntdll.dll
0x0000000076ff0000 - 0x000000007710f000 	D:\Windows\system32\kernel32.dll
0x000007fefd030000 - 0x000007fefd09a000 	D:\Windows\system32\KERNELBASE.dll
0x000007fefd970000 - 0x000007fefda4b000 	D:\Windows\system32\ADVAPI32.dll
0x000007feff5c0000 - 0x000007feff65f000 	D:\Windows\system32\msvcrt.dll
0x000007feff2f0000 - 0x000007feff30f000 	D:\Windows\SYSTEM32\sechost.dll
0x000007fefdaa0000 - 0x000007fefdbcd000 	D:\Windows\system32\RPCRT4.dll
0x0000000077250000 - 0x000000007734a000 	D:\Windows\system32\USER32.dll
0x000007fefd2c0000 - 0x000007fefd327000 	D:\Windows\system32\GDI32.dll
0x000007fefda90000 - 0x000007fefda9e000 	D:\Windows\system32\LPK.dll
0x000007feff220000 - 0x000007feff2ea000 	D:\Windows\system32\USP10.dll
0x000007fefba10000 - 0x000007fefbc04000 	D:\Windows\WinSxS\amd64_microsoft.windows.common-controls_6595b64144ccf1df_6.0.7601.18837_none_fa3b1e3d17594757\COMCTL32.dll
0x000007feff540000 - 0x000007feff5b1000 	D:\Windows\system32\SHLWAPI.dll
0x000007fefda60000 - 0x000007fefda8e000 	D:\Windows\system32\IMM32.DLL
0x000007fefdf40000 - 0x000007fefe049000 	D:\Windows\system32\MSCTF.dll
0x0000000057b40000 - 0x0000000057c12000 	C:\win7_x64\Java\jre\bin\msvcr100.dll
0x0000000057c20000 - 0x00000000584b0000 	C:\win7_x64\Java\jre\bin\server\jvm.dll
0x000007fef98f0000 - 0x000007fef98f9000 	D:\Windows\system32\WSOCK32.dll
0x000007feff0d0000 - 0x000007feff11d000 	D:\Windows\system32\WS2_32.dll
0x000007fefda50000 - 0x000007fefda58000 	D:\Windows\system32\NSI.dll
0x000007fefcf50000 - 0x000007fefcf8b000 	D:\Windows\system32\WINMM.dll
0x000007fefbf00000 - 0x000007fefbf0c000 	D:\Windows\system32\VERSION.dll
0x0000000077510000 - 0x0000000077517000 	D:\Windows\system32\PSAPI.DLL
0x00000000728b0000 - 0x00000000728bf000 	C:\win7_x64\Java\jre\bin\verify.dll
0x0000000064e10000 - 0x0000000064e39000 	C:\win7_x64\Java\jre\bin\java.dll
0x000000006e140000 - 0x000000006e156000 	C:\win7_x64\Java\jre\bin\zip.dll
0x000007fefe0d0000 - 0x000007fefee59000 	D:\Windows\system32\SHELL32.dll
0x000007feff330000 - 0x000007feff533000 	D:\Windows\system32\ole32.dll
0x000007fefce60000 - 0x000007fefce6f000 	D:\Windows\system32\profapi.dll

VM Arguments:
jvm_args: -Djava.awt.headless=true -Xmx1024M -Dfile.encoding=GBK -Duser.country=CN -Duser.language=zh -Duser.variant 
java_command: com.android.dx.command.Main --dex --force-jumbo --num-threads=4 --output C:\win7_x64\Android\workplace\NoDesignModeFrameWork\app\build\intermediates\pre-dexed\debug\com.android.support-support-v13-24.2.0_a4c95bfe87076afde9a35864eed457d04f68f3b3.jar C:\win7_x64\Android\workplace\NoDesignModeFrameWork\app\build\intermediates\exploded-aar\com.android.support\support-v13\24.2.0\jars\classes.jar
java_class_path (initial): C:\win7_x64\Android\sdk\build-tools\24.0.0\lib\dx.jar
Launcher Type: SUN_STANDARD

Environment Variables:
JAVA_HOME=C:\win7_x64\Java
CLASSPATH=.;C:\win7_x64\Java\lib;C:\win7_x64\apache-ant-1.9.4\lib
PATH=D:\ProgramData\Oracle\Java\javapath;C:\win7_x64\Python27\;D:\Program Files\Common Files\Microsoft Shared\Windows Live;D:\Windows\system32;D:\Windows;D:\Windows\System32\Wbem;D:\Windows\System32\WindowsPowerShell\v1.0\;D:\Program Files (x86)\ATI Technologies\ATI.ACE\Core-Static;D:\Program Files\Lenovo\Bluetooth Software\;D:\Program Files\Lenovo\Bluetooth Software\syswow64;D:\Program Files\Intel\WiFi\bin\;D:\Program Files\Common Files\Intel\WirelessCommon\;C:\win7_x64\VisualSVN Server\bin;C:\win7_x64\TortoiseSVN\bin;C:\win7_x64\TortoiseGit\bin;D:\Program Files (x86)\Windows Kits\8.1\Windows Performance Toolkit\;C:\win7_x64\MySQL\MySQL Server 5.5\bin;C:\win7_x64\nodejs\;C:\win7_x64\cocos2dx\cocos2d-x-3.8.1\templates;C:\win7_x64\cocos2dx\cocos2d-x-3.8.1\tools\cocos2d-console\bin;D:\Program Files\Common Files\Microsoft Shared\Windows Live;C:\win7_x64\Java\bin;C:\win7_x64\apache-ant-1.9.4\bin;C:\win7_x64\Git\bin;C:\win7_x64\Git\libexec\git-core;C:\win7_x64\Android\sdk\tools;C:\win7_x64\Android\sdk\platform-tools;C:\win7_x64\sonar-scanner-2.5.1\bin;D:\Users\niu\AppData\Roaming\npm;C:\win7_x64\Android\sdk\build-tools\22.0.1;C:\win7_x64\Android\sdk\platforms\android-22;
USERNAME=niu
OS=Windows_NT
PROCESSOR_IDENTIFIER=Intel64 Family 6 Model 37 Stepping 5, GenuineIntel



---------------  S Y S T E M  ---------------

OS: Windows 7 , 64 bit Build 7601 (6.1.7601.23418)

CPU:total 4 (2 cores per cpu, 2 threads per core) family 6 model 37 stepping 5, cmov, cx8, fxsr, mmx, sse, sse2, sse3, ssse3, sse4.1, sse4.2, popcnt, ht, tsc, tscinvbit

Memory: 4k page, physical 8180200k(1477196k free), swap 8178340k(5036k free)

vm_info: Java HotSpot(TM) 64-Bit Server VM (25.77-b03) for windows-amd64 JRE (1.8.0_77-b03), built on Mar 20 2016 22:01:33 by "java_re" with MS VC++ 10.0 (VS2010)

time: Sat Sep 10 16:33:35 2016
elapsed time: 4 seconds (0d 0h 0m 4s)

