#
# There is insufficient memory for the Java Runtime Environment to continue.
# Native memory allocation (malloc) failed to allocate 517232 bytes for Chunk::new
# Possible reasons:
#   The system is out of physical RAM or swap space
#   In 32 bit mode, the process size limit was hit
# Possible solutions:
#   Reduce memory load on the system
#   Increase physical memory or swap space
#   Check if swap backing store is full
#   Use 64 bit Java on a 64 bit OS
#   Decrease Java heap size (-Xmx/-Xms)
#   Decrease number of Java threads
#   Decrease Java thread stack sizes (-Xss)
#   Set larger code cache with -XX:ReservedCodeCacheSize=
# This output file may be truncated or incomplete.
#
#  Out of Memory Error (allocation.cpp:390), pid=10568, tid=1688
#
# JRE version: Java(TM) SE Runtime Environment (8.0_77-b03) (build 1.8.0_77-b03)
# Java VM: Java HotSpot(TM) 64-Bit Server VM (25.77-b03 mixed mode windows-amd64 compressed oops)
# Failed to write core dump. Minidumps are not enabled by default on client versions of Windows
#

---------------  T H R E A D  ---------------

Current thread (0x0000000056764000):  JavaThread "C2 CompilerThread1" daemon [_thread_in_native, id=1688, stack(0x0000000056d50000,0x0000000056e50000)]

Stack: [0x0000000056d50000,0x0000000056e50000]
[error occurred during error reporting (printing stack bounds), id 0xc0000005]

Native frames: (J=compiled Java code, j=interpreted, Vv=VM code, C=native code)


Current CompileTask:
C2:   1502 1133       4       com.android.dx.ssa.SsaMethod::forEachInsn (36 bytes)


---------------  P R O C E S S  ---------------

Java Threads: ( => current thread )
  0x0000000056a80800 JavaThread "pool-1-thread-4" [_thread_blocked, id=9712, stack(0x0000000058590000,0x0000000058690000)]
  0x0000000056a69000 JavaThread "pool-1-thread-3" [_thread_blocked, id=10616, stack(0x00000000579d0000,0x0000000057ad0000)]
  0x0000000056a67800 JavaThread "pool-1-thread-2" [_thread_in_Java, id=3904, stack(0x0000000057750000,0x0000000057850000)]
  0x0000000056a95000 JavaThread "pool-2-thread-1" [_thread_blocked, id=10388, stack(0x0000000057530000,0x0000000057630000)]
  0x0000000056a90000 JavaThread "pool-1-thread-1" [_thread_in_Java, id=10764, stack(0x00000000571d0000,0x00000000572d0000)]
  0x0000000056773800 JavaThread "Service Thread" daemon [_thread_blocked, id=9664, stack(0x00000000570c0000,0x00000000571c0000)]
  0x0000000056766000 JavaThread "C1 CompilerThread2" daemon [_thread_blocked, id=1668, stack(0x0000000056ec0000,0x0000000056fc0000)]
=>0x0000000056764000 JavaThread "C2 CompilerThread1" daemon [_thread_in_native, id=1688, stack(0x0000000056d50000,0x0000000056e50000)]
  0x00000000552ec000 JavaThread "C2 CompilerThread0" daemon [_thread_blocked, id=796, stack(0x0000000056370000,0x0000000056470000)]
  0x000000005675a800 JavaThread "Attach Listener" daemon [_thread_blocked, id=7152, stack(0x0000000056bb0000,0x0000000056cb0000)]
  0x00000000552dc800 JavaThread "Signal Dispatcher" daemon [_thread_blocked, id=9244, stack(0x0000000056100000,0x0000000056200000)]
  0x00000000552ca000 JavaThread "Finalizer" daemon [_thread_blocked, id=3340, stack(0x0000000056650000,0x0000000056750000)]
  0x0000000055283000 JavaThread "Reference Handler" daemon [_thread_blocked, id=9392, stack(0x0000000056470000,0x0000000056570000)]
  0x000000000255f000 JavaThread "main" [_thread_in_Java, id=11140, stack(0x0000000002840000,0x0000000002940000)]

Other Threads:
  0x000000005527a800 VMThread [stack: 0x0000000056250000,0x0000000056350000] [id=6928]
  0x0000000056808000 WatcherThread [stack: 0x0000000057310000,0x0000000057410000] [id=10300]

VM state:not at safepoint (normal execution)

VM Mutex/Monitor currently owned by a thread: None

Heap:
 PSYoungGen      total 37888K, used 25643K [0x00000000eab00000, 0x00000000ef500000, 0x0000000100000000)
  eden space 32768K, 62% used [0x00000000eab00000,0x00000000ebf0ef98,0x00000000ecb00000)
  from space 5120K, 99% used [0x00000000ecb00000,0x00000000ecffbc98,0x00000000ed000000)
  to   space 5120K, 0% used [0x00000000ef000000,0x00000000ef000000,0x00000000ef500000)
 ParOldGen       total 86016K, used 1579K [0x00000000c0000000, 0x00000000c5400000, 0x00000000eab00000)
  object space 86016K, 1% used [0x00000000c0000000,0x00000000c018af28,0x00000000c5400000)
 Metaspace       used 6037K, capacity 6900K, committed 7040K, reserved 1056768K
  class space    used 605K, capacity 620K, committed 640K, reserved 1048576K

Card table byte_map: [0x0000000011d00000,0x0000000011f10000] byte_map_base: 0x0000000011700000

Marking Bits: (ParMarkBitMap*) 0x0000000058430600
 Begin Bits: [0x00000000126f0000, 0x00000000136f0000)
 End Bits:   [0x00000000136f0000, 0x00000000146f0000)

Polling page: 0x0000000000130000

CodeCache: size=245760Kb used=4427Kb max_used=4427Kb free=241332Kb
 bounds [0x0000000002940000, 0x0000000002da0000, 0x0000000011940000]
 total_blobs=1398 nmethods=1126 adapters=184
 compilation: enabled

Compilation events (10 events):
Event: 1.294 Thread 0x0000000056766000 1111       3       com.android.dx.cf.code.OneLocalsArray::getMaxLocals (6 bytes)
Event: 1.295 Thread 0x0000000056766000 nmethod 1111 0x0000000002d94fd0 code [0x0000000002d95120, 0x0000000002d95270]
Event: 1.295 Thread 0x0000000056766000 1145       3       com.android.dx.cf.code.LocalVariableList$Item::<init> (115 bytes)
Event: 1.295 Thread 0x0000000056766000 nmethod 1145 0x0000000002d95310 code [0x0000000002d95500, 0x0000000002d95be8]
Event: 1.295 Thread 0x0000000056766000 1120       1       com.android.dx.ssa.PhiInsn::getOpcode (2 bytes)
Event: 1.296 Thread 0x0000000056766000 nmethod 1120 0x0000000002d7a250 code [0x0000000002d7a3a0, 0x0000000002d7a4b0]
Event: 1.296 Thread 0x0000000056766000 1125       1       sun.util.calendar.CalendarDate::getMonth (5 bytes)
Event: 1.296 Thread 0x0000000056766000 nmethod 1125 0x0000000002d95f10 code [0x0000000002d96060, 0x0000000002d96170]
Event: 1.296 Thread 0x0000000056766000 1137       1       com.android.dx.ssa.back.FirstFitLocalCombiningAllocator$Multiset::getSize (5 bytes)
Event: 1.296 Thread 0x0000000056766000 nmethod 1137 0x0000000002d961d0 code [0x0000000002d96320, 0x0000000002d96430]

GC Heap History (2 events):
Event: 1.220 GC heap before
{Heap before GC invocations=1 (full 0):
 PSYoungGen      total 37888K, used 32768K [0x00000000eab00000, 0x00000000ed500000, 0x0000000100000000)
  eden space 32768K, 100% used [0x00000000eab00000,0x00000000ecb00000,0x00000000ecb00000)
  from space 5120K, 0% used [0x00000000ed000000,0x00000000ed000000,0x00000000ed500000)
  to   space 5120K, 0% used [0x00000000ecb00000,0x00000000ecb00000,0x00000000ed000000)
 ParOldGen       total 86016K, used 0K [0x00000000c0000000, 0x00000000c5400000, 0x00000000eab00000)
  object space 86016K, 0% used [0x00000000c0000000,0x00000000c0000000,0x00000000c5400000)
 Metaspace       used 5995K, capacity 6900K, committed 7040K, reserved 1056768K
  class space    used 605K, capacity 620K, committed 640K, reserved 1048576K
Event: 1.257 GC heap after
Heap after GC invocations=1 (full 0):
 PSYoungGen      total 37888K, used 5103K [0x00000000eab00000, 0x00000000ef500000, 0x0000000100000000)
  eden space 32768K, 0% used [0x00000000eab00000,0x00000000eab00000,0x00000000ecb00000)
  from space 5120K, 99% used [0x00000000ecb00000,0x00000000ecffbc98,0x00000000ed000000)
  to   space 5120K, 0% used [0x00000000ef000000,0x00000000ef000000,0x00000000ef500000)
 ParOldGen       total 86016K, used 1579K [0x00000000c0000000, 0x00000000c5400000, 0x00000000eab00000)
  object space 86016K, 1% used [0x00000000c0000000,0x00000000c018af28,0x00000000c5400000)
 Metaspace       used 5995K, capacity 6900K, committed 7040K, reserved 1056768K
  class space    used 605K, capacity 620K, committed 640K, reserved 1048576K
}

Deoptimization events (10 events):
Event: 0.901 Thread 0x0000000056a69000 Uncommon trap: reason=unstable_if action=reinterpret pc=0x0000000002c57738 method=com.android.dx.rop.code.LocalItem.hashCode()I @ 25
Event: 0.901 Thread 0x0000000056a69000 Uncommon trap: reason=unstable_if action=reinterpret pc=0x0000000002c24c24 method=com.android.dx.rop.code.LocalItem.hashCode()I @ 25
Event: 0.908 Thread 0x0000000056a67800 Uncommon trap: reason=unstable_if action=reinterpret pc=0x0000000002b6e154 method=java.util.HashMap.getNode(ILjava/lang/Object;)Ljava/util/HashMap$Node; @ 62
Event: 0.924 Thread 0x0000000056a67800 Uncommon trap: reason=unstable_if action=reinterpret pc=0x0000000002c65e34 method=com.android.dx.rop.code.LocalItem.hashCode()I @ 25
Event: 1.149 Thread 0x0000000056a67800 Uncommon trap: reason=class_check action=maybe_recompile pc=0x0000000002b70760 method=com.android.dx.ssa.NormalSsaInsn.accept(Lcom/android/dx/ssa/SsaInsn$Visitor;)V @ 9
Event: 1.149 Thread 0x0000000056a67800 Uncommon trap: reason=class_check action=maybe_recompile pc=0x0000000002b70760 method=com.android.dx.ssa.NormalSsaInsn.accept(Lcom/android/dx/ssa/SsaInsn$Visitor;)V @ 9
Event: 1.149 Thread 0x0000000056a67800 Uncommon trap: reason=class_check action=maybe_recompile pc=0x0000000002b70760 method=com.android.dx.ssa.NormalSsaInsn.accept(Lcom/android/dx/ssa/SsaInsn$Visitor;)V @ 9
Event: 1.150 Thread 0x0000000056a67800 Uncommon trap: reason=class_check action=maybe_recompile pc=0x0000000002b70760 method=com.android.dx.ssa.NormalSsaInsn.accept(Lcom/android/dx/ssa/SsaInsn$Visitor;)V @ 9
Event: 1.399 Thread 0x000000000255f000 Uncommon trap: reason=unstable_if action=reinterpret pc=0x0000000002c90bdc method=com.android.dx.rop.code.RegisterSpecSet.put(Lcom/android/dx/rop/code/RegisterSpec;)V @ 77
Event: 1.399 Thread 0x000000000255f000 Uncommon trap: reason=unstable_if action=reinterpret pc=0x0000000002cc3f88 method=com.android.dx.rop.code.RegisterSpecSet.put(Lcom/android/dx/rop/code/RegisterSpec;)V @ 77

Internal exceptions (2 events):
Event: 0.041 Thread 0x000000000255f000 Exception <a 'java/lang/NoSuchMethodError': Method sun.misc.Unsafe.defineClass(Ljava/lang/String;[BII)Ljava/lang/Class; name or signature does not match> (0x00000000eab07cc0) thrown at [D:\re\workspace\8-2-build-windows-amd64-cygwin\jdk8u77\6540\hotspot\sr&T†p’§?
Event: 0.041 Thread 0x000000000255f000 Exception <a 'java/lang/NoSuchMethodError': Method sun.misc.Unsafe.prefetchRead(Ljava/lang/Object;J)V name or signature does not match> (0x00000000eab07fa8) thrown at [D:\re\workspace\8-2-build-windows-amd64-cygwin\jdk8u77\6540\hotspot\src\share\vm\prims\j

Events (10 events):
Event: 1.215 Executing VM operation: ParallelGCFailedAllocation
Event: 1.257 Executing VM operation: ParallelGCFailedAllocation done
Event: 1.399 Thread 0x000000000255f000 Uncommon trap: trap_request=0xffffff65 fr.pc=0x0000000002c90bdc
Event: 1.399 Thread 0x000000000255f000 DEOPT PACKING pc=0x0000000002c90bdc sp=0x000000000293e360
Event: 1.399 Thread 0x000000000255f000 DEOPT UNPACKING pc=0x000000000298582a sp=0x000000000293e2e8 mode 2
Event: 1.399 Thread 0x000000000255f000 Uncommon trap: trap_request=0xffffff65 fr.pc=0x0000000002cc3f88
Event: 1.399 Thread 0x000000000255f000 DEOPT PACKING pc=0x0000000002cc3f88 sp=0x000000000293e350
Event: 1.399 Thread 0x000000000255f000 DEOPT UNPACKING pc=0x000000000298582a sp=0x000000000293e270 mode 2
Event: 1.478 loading class com/android/dx/rop/code/RegOps
Event: 1.478 loading class com/android/dx/rop/code/RegOps done


Dynamic libraries:
0x000000013f910000 - 0x000000013f947000 	C:\win7_x64\Java\bin\java.exe
0x0000000077350000 - 0x00000000774fa000 	D:\Windows\SYSTEM32\ntdll.dll
0x0000000076ff0000 - 0x000000007710f000 	D:\Windows\system32\kernel32.dll
0x000007fefd030000 - 0x000007fefd09a000 	D:\Windows\system32\KERNELBASE.dll
0x000007fefd970000 - 0x000007fefda4b000 	D:\Windows\system32\ADVAPI32.dll
0x000007feff5c0000 - 0x000007feff65f000 	D:\Windows\system32\msvcrt.dll
0x000007feff2f0000 - 0x000007feff30f000 	D:\Windows\SYSTEM32\sechost.dll
0x000007fefdaa0000 - 0x000007fefdbcd000 	D:\Windows\system32\RPCRT4.dll
0x0000000077250000 - 0x000000007734a000 	D:\Windows\system32\USER32.dll
0x000007fefd2c0000 - 0x000007fefd327000 	D:\Windows\system32\GDI32.dll
0x000007fefda90000 - 0x000007fefda9e000 	D:\Windows\system32\LPK.dll
0x000007feff220000 - 0x000007feff2ea000 	D:\Windows\system32\USP10.dll
0x000007fefba10000 - 0x000007fefbc04000 	D:\Windows\WinSxS\amd64_microsoft.windows.common-controls_6595b64144ccf1df_6.0.7601.18837_none_fa3b1e3d17594757\COMCTL32.dll
0x000007feff540000 - 0x000007feff5b1000 	D:\Windows\system32\SHLWAPI.dll
0x000007fefda60000 - 0x000007fefda8e000 	D:\Windows\system32\IMM32.DLL
0x000007fefdf40000 - 0x000007fefe049000 	D:\Windows\system32\MSCTF.dll
0x0000000057b40000 - 0x0000000057c12000 	C:\win7_x64\Java\jre\bin\msvcr100.dll
0x0000000057c20000 - 0x00000000584b0000 	C:\win7_x64\Java\jre\bin\server\jvm.dll
0x000007fef98f0000 - 0x000007fef98f9000 	D:\Windows\system32\WSOCK32.dll
0x000007feff0d0000 - 0x000007feff11d000 	D:\Windows\system32\WS2_32.dll
0x000007fefda50000 - 0x000007fefda58000 	D:\Windows\system32\NSI.dll
0x000007fefcf50000 - 0x000007fefcf8b000 	D:\Windows\system32\WINMM.dll
0x000007fefbf00000 - 0x000007fefbf0c000 	D:\Windows\system32\VERSION.dll
0x0000000077510000 - 0x0000000077517000 	D:\Windows\system32\PSAPI.DLL
0x00000000728b0000 - 0x00000000728bf000 	C:\win7_x64\Java\jre\bin\verify.dll
0x0000000064e10000 - 0x0000000064e39000 	C:\win7_x64\Java\jre\bin\java.dll
0x000000006e140000 - 0x000000006e156000 	C:\win7_x64\Java\jre\bin\zip.dll
0x000007fefe0d0000 - 0x000007fefee59000 	D:\Windows\system32\SHELL32.dll
0x000007feff330000 - 0x000007feff533000 	D:\Windows\system32\ole32.dll
0x000007fefce60000 - 0x000007fefce6f000 	D:\Windows\system32\profapi.dll

VM Arguments:
jvm_args: -Djava.awt.headless=true -Xmx1024M -Dfile.encoding=GBK -Duser.country=CN -Duser.language=zh -Duser.variant 
java_command: com.android.dx.command.Main --dex --force-jumbo --num-threads=4 --output C:\win7_x64\Android\workplace\NoDesignModeFrameWork\app\build\intermediates\pre-dexed\debug\com.android.support-support-media-compat-24.2.0_17af30145199d63daa11b623b675c59b2b53029c.jar C:\win7_x64\Android\workplace\NoDesignModeFrameWork\app\build\intermediates\exploded-aar\com.android.support\support-media-compat\24.2.0\jars\classes.jar
java_class_path (initial): C:\win7_x64\Android\sdk\build-tools\24.0.0\lib\dx.jar
Launcher Type: SUN_STANDARD

Environment Variables:
JAVA_HOME=C:\win7_x64\Java
CLASSPATH=.;C:\win7_x64\Java\lib;C:\win7_x64\apache-ant-1.9.4\lib
PATH=D:\ProgramData\Oracle\Java\javapath;C:\win7_x64\Python27\;D:\Program Files\Common Files\Microsoft Shared\Windows Live;D:\Windows\system32;D:\Windows;D:\Windows\System32\Wbem;D:\Windows\System32\WindowsPowerShell\v1.0\;D:\Program Files (x86)\ATI Technologies\ATI.ACE\Core-Static;D:\Program Files\Lenovo\Bluetooth Software\;D:\Program Files\Lenovo\Bluetooth Software\syswow64;D:\Program Files\Intel\WiFi\bin\;D:\Program Files\Common Files\Intel\WirelessCommon\;C:\win7_x64\VisualSVN Server\bin;C:\win7_x64\TortoiseSVN\bin;C:\win7_x64\TortoiseGit\bin;D:\Program Files (x86)\Windows Kits\8.1\Windows Performance Toolkit\;C:\win7_x64\MySQL\MySQL Server 5.5\bin;C:\win7_x64\nodejs\;C:\win7_x64\cocos2dx\cocos2d-x-3.8.1\templates;C:\win7_x64\cocos2dx\cocos2d-x-3.8.1\tools\cocos2d-console\bin;D:\Program Files\Common Files\Microsoft Shared\Windows Live;C:\win7_x64\Java\bin;C:\win7_x64\apache-ant-1.9.4\bin;C:\win7_x64\Git\bin;C:\win7_x64\Git\libexec\git-core;C:\win7_x64\Android\sdk\tools;C:\win7_x64\Android\sdk\platform-tools;C:\win7_x64\sonar-scanner-2.5.1\bin;D:\Users\niu\AppData\Roaming\npm;C:\win7_x64\Android\sdk\build-tools\22.0.1;C:\win7_x64\Android\sdk\platforms\android-22;
USERNAME=niu
OS=Windows_NT
PROCESSOR_IDENTIFIER=Intel64 Family 6 Model 37 Stepping 5, GenuineIntel



---------------  S Y S T E M  ---------------

OS: Windows 7 , 64 bit Build 7601 (6.1.7601.23418)

CPU:total 4 (2 cores per cpu, 2 threads per core) family 6 model 37 stepping 5, cmov, cx8, fxsr, mmx, sse, sse2, sse3, ssse3, sse4.1, sse4.2, popcnt, ht, tsc, tscinvbit

Memory: 4k page, physical 8180200k(1522804k free), swap 8178340k(5488k free)

vm_info: Java HotSpot(TM) 64-Bit Server VM (25.77-b03) for windows-amd64 JRE (1.8.0_77-b03), built on Mar 20 2016 22:01:33 by "java_re" with MS VC++ 10.0 (VS2010)

time: Sat Sep 10 16:33:38 2016
elapsed time: 1 seconds (0d 0h 0m 1s)

