#
# There is insufficient memory for the Java Runtime Environment to continue.
# Native memory allocation (malloc) failed to allocate 262160 bytes for Chunk::new
# Possible reasons:
#   The system is out of physical RAM or swap space
#   In 32 bit mode, the process size limit was hit
# Possible solutions:
#   Reduce memory load on the system
#   Increase physical memory or swap space
#   Check if swap backing store is full
#   Use 64 bit Java on a 64 bit OS
#   Decrease Java heap size (-Xmx/-Xms)
#   Decrease number of Java threads
#   Decrease Java thread stack sizes (-Xss)
#   Set larger code cache with -XX:ReservedCodeCacheSize=
# This output file may be truncated or incomplete.
#
#  Out of Memory Error (allocation.cpp:390), pid=4892, tid=7612
#
# JRE version: Java(TM) SE Runtime Environment (8.0_77-b03) (build 1.8.0_77-b03)
# Java VM: Java HotSpot(TM) 64-Bit Server VM (25.77-b03 mixed mode windows-amd64 compressed oops)
# Failed to write core dump. Minidumps are not enabled by default on client versions of Windows
#

---------------  T H R E A D  ---------------

Current thread (0x0000000056528000):  JavaThread "C2 CompilerThread1" daemon [_thread_in_native, id=7612, stack(0x0000000056aa0000,0x0000000056ba0000)]

Stack: [0x0000000056aa0000,0x0000000056ba0000]
[error occurred during error reporting (printing stack bounds), id 0xc0000005]

Native frames: (J=compiled Java code, j=interpreted, Vv=VM code, C=native code)


Current CompileTask:
C2:   3177 1104   !   4       com.android.dx.cf.code.BytecodeArray::parseInstruction (2764 bytes)


---------------  P R O C E S S  ---------------

Java Threads: ( => current thread )
  0x000000005687d800 JavaThread "pool-1-thread-4" [_thread_blocked, id=8236, stack(0x00000000578f0000,0x00000000579f0000)]
  0x0000000056876000 JavaThread "pool-1-thread-3" [_thread_blocked, id=9668, stack(0x0000000057770000,0x0000000057870000)]
  0x0000000056860000 JavaThread "pool-1-thread-2" [_thread_blocked, id=5760, stack(0x0000000057590000,0x0000000057690000)]
  0x00000000567fc800 JavaThread "pool-2-thread-1" [_thread_blocked, id=11064, stack(0x0000000057340000,0x0000000057440000)]
  0x0000000056800000 JavaThread "pool-1-thread-1" [_thread_in_Java, id=10496, stack(0x0000000057190000,0x0000000057290000)]
  0x000000005659b800 JavaThread "Service Thread" daemon [_thread_blocked, id=7072, stack(0x0000000056dc0000,0x0000000056ec0000)]
  0x0000000056552800 JavaThread "C1 CompilerThread2" daemon [_thread_in_native, id=6308, stack(0x0000000056bc0000,0x0000000056cc0000)]
=>0x0000000056528000 JavaThread "C2 CompilerThread1" daemon [_thread_in_native, id=7612, stack(0x0000000056aa0000,0x0000000056ba0000)]
  0x000000005510c000 JavaThread "C2 CompilerThread0" daemon [_thread_in_native, id=11024, stack(0x00000000569a0000,0x0000000056aa0000)]
  0x000000005651a800 JavaThread "Attach Listener" daemon [_thread_blocked, id=8832, stack(0x00000000120f0000,0x00000000121f0000)]
  0x00000000550fe800 JavaThread "Signal Dispatcher" daemon [_thread_blocked, id=10640, stack(0x00000000562d0000,0x00000000563d0000)]
  0x00000000550e9800 JavaThread "Finalizer" daemon [_thread_blocked, id=10900, stack(0x0000000056410000,0x0000000056510000)]
  0x00000000550a2800 JavaThread "Reference Handler" daemon [_thread_blocked, id=7472, stack(0x00000000561c0000,0x00000000562c0000)]
  0x000000000245f000 JavaThread "main" [_thread_blocked, id=9284, stack(0x0000000002600000,0x0000000002700000)]

Other Threads:
  0x000000005509a800 VMThread [stack: 0x00000000560a0000,0x00000000561a0000] [id=11160]
  0x00000000565cc000 WatcherThread [stack: 0x0000000056fe0000,0x00000000570e0000] [id=9996]

VM state:not at safepoint (normal execution)

VM Mutex/Monitor currently owned by a thread: None

Heap:
 PSYoungGen      total 37888K, used 30434K [0x00000000eab00000, 0x00000000ed500000, 0x0000000100000000)
  eden space 32768K, 92% used [0x00000000eab00000,0x00000000ec8b89d8,0x00000000ecb00000)
  from space 5120K, 0% used [0x00000000ed000000,0x00000000ed000000,0x00000000ed500000)
  to   space 5120K, 0% used [0x00000000ecb00000,0x00000000ecb00000,0x00000000ed000000)
 ParOldGen       total 86016K, used 0K [0x00000000c0000000, 0x00000000c5400000, 0x00000000eab00000)
  object space 86016K, 0% used [0x00000000c0000000,0x00000000c0000000,0x00000000c5400000)
 Metaspace       used 5987K, capacity 6896K, committed 7040K, reserved 1056768K
  class space    used 603K, capacity 616K, committed 640K, reserved 1048576K

Card table byte_map: [0x0000000011ac0000,0x0000000011cd0000] byte_map_base: 0x00000000114c0000

Marking Bits: (ParMarkBitMap*) 0x0000000058430600
 Begin Bits: [0x0000000012510000, 0x0000000013510000)
 End Bits:   [0x0000000013510000, 0x0000000014510000)

Polling page: 0x0000000000430000

CodeCache: size=245760Kb used=4494Kb max_used=4500Kb free=241265Kb
 bounds [0x0000000002700000, 0x0000000002b70000, 0x0000000011700000]
 total_blobs=1430 nmethods=1160 adapters=184
 compilation: enabled

Compilation events (10 events):
Event: 3.174 Thread 0x0000000056552800 nmethod 1164 0x0000000002b62c10 code [0x0000000002b62e60, 0x0000000002b63e58]
Event: 3.174 Thread 0x0000000056552800 1165       1       com.android.dx.cf.code.OneLocalsArray::getOrNull (7 bytes)
Event: 3.175 Thread 0x0000000056552800 nmethod 1165 0x0000000002b64910 code [0x0000000002b64a60, 0x0000000002b64b90]
Event: 3.175 Thread 0x0000000056552800 1163       3       com.android.dx.cf.code.OneLocalsArray::get (20 bytes)
Event: 3.175 Thread 0x0000000056552800 nmethod 1163 0x0000000002b64c50 code [0x0000000002b64dc0, 0x0000000002b64fc8]
Event: 3.175 Thread 0x0000000056552800 1166       3       com.android.dx.ssa.LocalVariableInfo::getStarts (19 bytes)
Event: 3.175 Thread 0x0000000056552800 nmethod 1166 0x0000000002b650d0 code [0x0000000002b65260, 0x0000000002b65588]
Event: 3.175 Thread 0x0000000056552800 1167       3       com.android.dx.ssa.SsaRenamer$BlockRenamer::visitPhiInsn (6 bytes)
Event: 3.175 Thread 0x0000000056552800 nmethod 1167 0x0000000002b65790 code [0x0000000002b65900, 0x0000000002b65a88]
Event: 3.175 Thread 0x0000000056552800 1157       3       com.android.dx.rop.cst.CstBaseMethodRef::getType (8 bytes)

GC Heap History (0 events):
No events

Deoptimization events (9 events):
Event: 1.453 Thread 0x000000000245f000 Uncommon trap: reason=unstable_if action=reinterpret pc=0x0000000002851584 method=java.lang.String.compareTo(Ljava/lang/String;)I @ 38
Event: 2.123 Thread 0x0000000056876000 Uncommon trap: reason=unstable_if action=reinterpret pc=0x0000000002904b24 method=java.util.HashMap.getNode(ILjava/lang/Object;)Ljava/util/HashMap$Node; @ 62
Event: 2.349 Thread 0x0000000056860000 Uncommon trap: reason=unstable_if action=reinterpret pc=0x000000000298fc80 method=java.util.HashMap.getNode(ILjava/lang/Object;)Ljava/util/HashMap$Node; @ 129
Event: 2.362 Thread 0x0000000056800000 Uncommon trap: reason=unstable_if action=reinterpret pc=0x0000000002903ea0 method=java.util.BitSet.nextSetBit(I)I @ 87
Event: 2.778 Thread 0x000000005687d800 Uncommon trap: reason=unstable_if action=reinterpret pc=0x0000000002959da4 method=java.util.BitSet.ensureCapacity(I)V @ 6
Event: 2.778 Thread 0x000000005687d800 Uncommon trap: reason=unstable_if action=reinterpret pc=0x000000000295df20 method=java.util.BitSet.ensureCapacity(I)V @ 6
Event: 2.788 Thread 0x0000000056860000 Uncommon trap: reason=unstable_if action=reinterpret pc=0x000000000293e44c method=java.util.HashMap.getNode(ILjava/lang/Object;)Ljava/util/HashMap$Node; @ 129
Event: 3.088 Thread 0x0000000056860000 Uncommon trap: reason=unstable_if action=reinterpret pc=0x00000000029e6d54 method=com.android.dx.rop.code.RegisterSpec.equals(ILcom/android/dx/rop/type/TypeBearer;Lcom/android/dx/rop/code/LocalItem;)Z @ 16
Event: 3.088 Thread 0x0000000056860000 Uncommon trap: reason=unstable_if action=reinterpret pc=0x00000000029bc1c4 method=com.android.dx.rop.code.RegisterSpec.equals(ILcom/android/dx/rop/type/TypeBearer;Lcom/android/dx/rop/code/LocalItem;)Z @ 16

Internal exceptions (2 events):
Event: 0.108 Thread 0x000000000245f000 Exception <a 'java/lang/NoSuchMethodError': Method sun.misc.Unsafe.defineClass(Ljava/lang/String;[BII)Ljava/lang/Class; name or signature does not match> (0x00000000eab07cc0) thrown at [D:\re\workspace\8-2-build-windows-amd64-cygwin\jdk8u77\6540\hotspot\srw ØRè¢»?
Event: 0.108 Thread 0x000000000245f000 Exception <a 'java/lang/NoSuchMethodError': Method sun.misc.Unsafe.prefetchRead(Ljava/lang/Object;J)V name or signature does not match> (0x00000000eab07fa8) thrown at [D:\re\workspace\8-2-build-windows-amd64-cygwin\jdk8u77\6540\hotspot\src\share\vm\prims\j

Events (10 events):
Event: 2.991 loading class com/android/dx/cf/attrib/AttRuntimeVisibleAnnotations
Event: 2.991 loading class com/android/dx/cf/attrib/AttRuntimeVisibleAnnotations done
Event: 3.088 Thread 0x0000000056860000 Uncommon trap: trap_request=0xffffff65 fr.pc=0x00000000029e6d54
Event: 3.088 Thread 0x0000000056860000 DEOPT PACKING pc=0x00000000029e6d54 sp=0x000000005768dbf0
Event: 3.088 Thread 0x0000000056860000 DEOPT UNPACKING pc=0x000000000274582a sp=0x000000005768daa0 mode 2
Event: 3.088 Thread 0x0000000056860000 Uncommon trap: trap_request=0xffffff65 fr.pc=0x00000000029bc1c4
Event: 3.088 Thread 0x0000000056860000 DEOPT PACKING pc=0x00000000029bc1c4 sp=0x000000005768dc00
Event: 3.088 Thread 0x0000000056860000 DEOPT UNPACKING pc=0x000000000274582a sp=0x000000005768db88 mode 2
Event: 3.099 Executing VM operation: ForceSafepoint
Event: 3.102 Executing VM operation: ForceSafepoint done


Dynamic libraries:
0x000000013f6d0000 - 0x000000013f707000 	C:\win7_x64\Java\bin\java.exe
0x0000000077350000 - 0x00000000774fa000 	D:\Windows\SYSTEM32\ntdll.dll
0x0000000076ff0000 - 0x000000007710f000 	D:\Windows\system32\kernel32.dll
0x000007fefd030000 - 0x000007fefd09a000 	D:\Windows\system32\KERNELBASE.dll
0x000007fefd970000 - 0x000007fefda4b000 	D:\Windows\system32\ADVAPI32.dll
0x000007feff5c0000 - 0x000007feff65f000 	D:\Windows\system32\msvcrt.dll
0x000007feff2f0000 - 0x000007feff30f000 	D:\Windows\SYSTEM32\sechost.dll
0x000007fefdaa0000 - 0x000007fefdbcd000 	D:\Windows\system32\RPCRT4.dll
0x0000000077250000 - 0x000000007734a000 	D:\Windows\system32\USER32.dll
0x000007fefd2c0000 - 0x000007fefd327000 	D:\Windows\system32\GDI32.dll
0x000007fefda90000 - 0x000007fefda9e000 	D:\Windows\system32\LPK.dll
0x000007feff220000 - 0x000007feff2ea000 	D:\Windows\system32\USP10.dll
0x000007fefba10000 - 0x000007fefbc04000 	D:\Windows\WinSxS\amd64_microsoft.windows.common-controls_6595b64144ccf1df_6.0.7601.18837_none_fa3b1e3d17594757\COMCTL32.dll
0x000007feff540000 - 0x000007feff5b1000 	D:\Windows\system32\SHLWAPI.dll
0x000007fefda60000 - 0x000007fefda8e000 	D:\Windows\system32\IMM32.DLL
0x000007fefdf40000 - 0x000007fefe049000 	D:\Windows\system32\MSCTF.dll
0x0000000057b40000 - 0x0000000057c12000 	C:\win7_x64\Java\jre\bin\msvcr100.dll
0x0000000057c20000 - 0x00000000584b0000 	C:\win7_x64\Java\jre\bin\server\jvm.dll
0x000007fef98f0000 - 0x000007fef98f9000 	D:\Windows\system32\WSOCK32.dll
0x000007feff0d0000 - 0x000007feff11d000 	D:\Windows\system32\WS2_32.dll
0x000007fefda50000 - 0x000007fefda58000 	D:\Windows\system32\NSI.dll
0x000007fefcf50000 - 0x000007fefcf8b000 	D:\Windows\system32\WINMM.dll
0x000007fefbf00000 - 0x000007fefbf0c000 	D:\Windows\system32\VERSION.dll
0x0000000077510000 - 0x0000000077517000 	D:\Windows\system32\PSAPI.DLL
0x00000000728b0000 - 0x00000000728bf000 	C:\win7_x64\Java\jre\bin\verify.dll
0x0000000064e10000 - 0x0000000064e39000 	C:\win7_x64\Java\jre\bin\java.dll
0x000000006e140000 - 0x000000006e156000 	C:\win7_x64\Java\jre\bin\zip.dll
0x000007fefe0d0000 - 0x000007fefee59000 	D:\Windows\system32\SHELL32.dll
0x000007feff330000 - 0x000007feff533000 	D:\Windows\system32\ole32.dll
0x000007fefce60000 - 0x000007fefce6f000 	D:\Windows\system32\profapi.dll

VM Arguments:
jvm_args: -Djava.awt.headless=true -Xmx1024M -Dfile.encoding=GBK -Duser.country=CN -Duser.language=zh -Duser.variant 
java_command: com.android.dx.command.Main --dex --force-jumbo --num-threads=4 --output C:\win7_x64\Android\workplace\NoDesignModeFrameWork\app\build\intermediates\pre-dexed\debug\com.android.support-design-24.2.0_2a725db07389f996b88509cf11e6812e493e7b74.jar C:\win7_x64\Android\workplace\NoDesignModeFrameWork\app\build\intermediates\exploded-aar\com.android.support\design\24.2.0\jars\classes.jar
java_class_path (initial): C:\win7_x64\Android\sdk\build-tools\24.0.0\lib\dx.jar
Launcher Type: SUN_STANDARD

Environment Variables:
JAVA_HOME=C:\win7_x64\Java
CLASSPATH=.;C:\win7_x64\Java\lib;C:\win7_x64\apache-ant-1.9.4\lib
PATH=D:\ProgramData\Oracle\Java\javapath;C:\win7_x64\Python27\;D:\Program Files\Common Files\Microsoft Shared\Windows Live;D:\Windows\system32;D:\Windows;D:\Windows\System32\Wbem;D:\Windows\System32\WindowsPowerShell\v1.0\;D:\Program Files (x86)\ATI Technologies\ATI.ACE\Core-Static;D:\Program Files\Lenovo\Bluetooth Software\;D:\Program Files\Lenovo\Bluetooth Software\syswow64;D:\Program Files\Intel\WiFi\bin\;D:\Program Files\Common Files\Intel\WirelessCommon\;C:\win7_x64\VisualSVN Server\bin;C:\win7_x64\TortoiseSVN\bin;C:\win7_x64\TortoiseGit\bin;D:\Program Files (x86)\Windows Kits\8.1\Windows Performance Toolkit\;C:\win7_x64\MySQL\MySQL Server 5.5\bin;C:\win7_x64\nodejs\;C:\win7_x64\cocos2dx\cocos2d-x-3.8.1\templates;C:\win7_x64\cocos2dx\cocos2d-x-3.8.1\tools\cocos2d-console\bin;D:\Program Files\Common Files\Microsoft Shared\Windows Live;C:\win7_x64\Java\bin;C:\win7_x64\apache-ant-1.9.4\bin;C:\win7_x64\Git\bin;C:\win7_x64\Git\libexec\git-core;C:\win7_x64\Android\sdk\tools;C:\win7_x64\Android\sdk\platform-tools;C:\win7_x64\sonar-scanner-2.5.1\bin;D:\Users\niu\AppData\Roaming\npm;C:\win7_x64\Android\sdk\build-tools\22.0.1;C:\win7_x64\Android\sdk\platforms\android-22;
USERNAME=niu
OS=Windows_NT
PROCESSOR_IDENTIFIER=Intel64 Family 6 Model 37 Stepping 5, GenuineIntel



---------------  S Y S T E M  ---------------

OS: Windows 7 , 64 bit Build 7601 (6.1.7601.23418)

CPU:total 4 (2 cores per cpu, 2 threads per core) family 6 model 37 stepping 5, cmov, cx8, fxsr, mmx, sse, sse2, sse3, ssse3, sse4.1, sse4.2, popcnt, ht, tsc, tscinvbit

Memory: 4k page, physical 8180200k(1261024k free), swap 8178340k(5280k free)

vm_info: Java HotSpot(TM) 64-Bit Server VM (25.77-b03) for windows-amd64 JRE (1.8.0_77-b03), built on Mar 20 2016 22:01:33 by "java_re" with MS VC++ 10.0 (VS2010)

time: Sat Sep 10 16:32:06 2016
elapsed time: 3 seconds (0d 0h 0m 3s)

