#
# There is insufficient memory for the Java Runtime Environment to continue.
# Native memory allocation (malloc) failed to allocate 32744 bytes for ChunkPool::allocate
# Possible reasons:
#   The system is out of physical RAM or swap space
#   In 32 bit mode, the process size limit was hit
# Possible solutions:
#   Reduce memory load on the system
#   Increase physical memory or swap space
#   Check if swap backing store is full
#   Use 64 bit Java on a 64 bit OS
#   Decrease Java heap size (-Xmx/-Xms)
#   Decrease number of Java threads
#   Decrease Java thread stack sizes (-Xss)
#   Set larger code cache with -XX:ReservedCodeCacheSize=
# This output file may be truncated or incomplete.
#
#  Out of Memory Error (allocation.cpp:273), pid=10748, tid=6176
#
# JRE version: Java(TM) SE Runtime Environment (8.0_77-b03) (build 1.8.0_77-b03)
# Java VM: Java HotSpot(TM) 64-Bit Server VM (25.77-b03 mixed mode windows-amd64 compressed oops)
# Failed to write core dump. Minidumps are not enabled by default on client versions of Windows
#

---------------  T H R E A D  ---------------

Current thread (0x0000000056339000):  JavaThread "C1 CompilerThread2" daemon [_thread_in_native, id=6176, stack(0x0000000056ce0000,0x0000000056de0000)]

Stack: [0x0000000056ce0000,0x0000000056de0000]
[error occurred during error reporting (printing stack bounds), id 0xc0000005]

Native frames: (J=compiled Java code, j=interpreted, Vv=VM code, C=native code)


Current CompileTask:
C1:   1913  599   !   3      
[error occurred during error reporting (printing current compile task), id 0xe0000001]


---------------  P R O C E S S  ---------------

Java Threads: ( => current thread )
  0x0000000056615000 JavaThread "pool-1-thread-4" [_thread_blocked, id=8536, stack(0x0000000057660000,0x0000000057760000)]
  0x0000000056614000 JavaThread "pool-1-thread-3" [_thread_in_vm, id=7676, stack(0x0000000057560000,0x0000000057660000)]
  0x0000000056610000 JavaThread "pool-1-thread-2" [_thread_blocked, id=1372, stack(0x0000000057360000,0x0000000057460000)]
  0x00000000565fe800 JavaThread "pool-2-thread-1" [_thread_blocked, id=11252, stack(0x00000000571b0000,0x00000000572b0000)]
  0x00000000565fd800 JavaThread "pool-1-thread-1" [_thread_blocked, id=7776, stack(0x0000000056fc0000,0x00000000570c0000)]
  0x0000000056358000 JavaThread "Service Thread" daemon [_thread_blocked, id=6288, stack(0x00000000568e0000,0x00000000569e0000)]
=>0x0000000056339000 JavaThread "C1 CompilerThread2" daemon [_thread_in_native, id=6176, stack(0x0000000056ce0000,0x0000000056de0000)]
  0x0000000056338800 JavaThread "C2 CompilerThread1" daemon [_thread_blocked, id=10440, stack(0x0000000056b40000,0x0000000056c40000)]
  0x0000000054f7c000 JavaThread "C2 CompilerThread0" daemon [_thread_blocked, id=3756, stack(0x0000000056a30000,0x0000000056b30000)]
  0x00000000562d8800 JavaThread "Attach Listener" daemon [_thread_blocked, id=6760, stack(0x0000000055f10000,0x0000000056010000)]
  0x0000000054f6f800 JavaThread "Signal Dispatcher" daemon [_thread_blocked, id=10824, stack(0x0000000056770000,0x0000000056870000)]
  0x0000000054f5a000 JavaThread "Finalizer" daemon [_thread_blocked, id=5760, stack(0x00000000561d0000,0x00000000562d0000)]
  0x0000000054f12800 JavaThread "Reference Handler" daemon [_thread_blocked, id=8740, stack(0x0000000056040000,0x0000000056140000)]
  0x000000000038f000 JavaThread "main" [_thread_blocked, id=7088, stack(0x0000000002630000,0x0000000002730000)]

Other Threads:
  0x0000000054f0a800 VMThread [stack: 0x0000000055d50000,0x0000000055e50000] [id=9584]
  0x0000000056391000 WatcherThread [stack: 0x0000000056e20000,0x0000000056f20000] [id=8652]

VM state:not at safepoint (normal execution)

VM Mutex/Monitor currently owned by a thread: None

Heap:
 PSYoungGen      total 37888K, used 18645K [0x00000000eab00000, 0x00000000ed500000, 0x0000000100000000)
  eden space 32768K, 56% used [0x00000000eab00000,0x00000000ebd35578,0x00000000ecb00000)
  from space 5120K, 0% used [0x00000000ed000000,0x00000000ed000000,0x00000000ed500000)
  to   space 5120K, 0% used [0x00000000ecb00000,0x00000000ecb00000,0x00000000ed000000)
 ParOldGen       total 86016K, used 0K [0x00000000c0000000, 0x00000000c5400000, 0x00000000eab00000)
  object space 86016K, 0% used [0x00000000c0000000,0x00000000c0000000,0x00000000c5400000)
 Metaspace       used 5607K, capacity 6514K, committed 6784K, reserved 1056768K
  class space    used 600K, capacity 618K, committed 640K, reserved 1048576K

Card table byte_map: [0x0000000011af0000,0x0000000011d00000] byte_map_base: 0x00000000114f0000

Marking Bits: (ParMarkBitMap*) 0x0000000058430600
 Begin Bits: [0x0000000012380000, 0x0000000013380000)
 End Bits:   [0x0000000013380000, 0x0000000014380000)

Polling page: 0x0000000000330000

CodeCache: size=245760Kb used=2419Kb max_used=2430Kb free=243340Kb
 bounds [0x0000000002730000, 0x00000000029a0000, 0x0000000011730000]
 total_blobs=871 nmethods=601 adapters=184
 compilation: enabled

Compilation events (10 events):
Event: 1.880 Thread 0x0000000056339000  599   !   3       com.android.dx.cf.code.BytecodeArray::parseInstruction (2764 bytes)
Event: 1.881 Thread 0x0000000054f7c000 nmethod 610 0x0000000002990550 code [0x00000000029906a0, 0x00000000029907d8]
Event: 1.883 Thread 0x0000000056338800  611   !   4       com.android.dx.util.IntList::get (36 bytes)
Event: 1.884 Thread 0x0000000056338800 nmethod 611 0x000000000298db50 code [0x000000000298dc80, 0x000000000298dd18]
Event: 1.891 Thread 0x0000000054f7c000  613       4       java.util.ArrayList::ensureExplicitCapacity (26 bytes)
Event: 1.895 Thread 0x0000000054f7c000 nmethod 613 0x000000000298f190 code [0x000000000298f2e0, 0x000000000298f518]
Event: 1.902 Thread 0x0000000056338800  616       4       com.android.dx.util.Bits::set (19 bytes)
Event: 1.903 Thread 0x0000000056338800 nmethod 616 0x000000000298ef10 code [0x000000000298f040, 0x000000000298f0d8]
Event: 1.908 Thread 0x0000000054f7c000  618       4       java.util.BitSet::get (69 bytes)
Event: 1.909 Thread 0x0000000054f7c000 nmethod 618 0x000000000298ec50 code [0x000000000298ed80, 0x000000000298ee38]

GC Heap History (0 events):
No events

Deoptimization events (2 events):
Event: 0.593 Thread 0x000000000038f000 Uncommon trap: reason=unstable_if action=reinterpret pc=0x0000000002883804 method=java.lang.String.compareTo(Ljava/lang/String;)I @ 38
Event: 1.848 Thread 0x0000000056614000 Uncommon trap: reason=unstable_if action=reinterpret pc=0x000000000295cb2c method=java.util.HashMap.getNode(ILjava/lang/Object;)Ljava/util/HashMap$Node; @ 62

Internal exceptions (2 events):
Event: 0.060 Thread 0x000000000038f000 Exception <a 'java/lang/NoSuchMethodError': Method sun.misc.Unsafe.defineClass(Ljava/lang/String;[BII)Ljava/lang/Class; name or signature does not match> (0x00000000eab07cc0) thrown at [D:\re\workspace\8-2-build-windows-amd64-cygwin\jdk8u77\6540\hotspot\sr3ﬁD‰¡Æ?
Event: 0.060 Thread 0x000000000038f000 Exception <a 'java/lang/NoSuchMethodError': Method sun.misc.Unsafe.prefetchRead(Ljava/lang/Object;J)V name or signature does not match> (0x00000000eab07fa8) thrown at [D:\re\workspace\8-2-build-windows-amd64-cygwin\jdk8u77\6540\hotspot\src\share\vm\prims\j

Events (10 events):
Event: 1.785 loading class java/util/TreeMap$EntrySet done
Event: 1.785 loading class java/util/TreeMap$EntryIterator
Event: 1.785 loading class java/util/TreeMap$EntryIterator done
Event: 1.807 loading class com/android/dx/ssa/PhiInsn$Operand
Event: 1.807 loading class com/android/dx/ssa/PhiInsn$Operand done
Event: 1.848 Thread 0x0000000056614000 Uncommon trap: trap_request=0xffffff65 fr.pc=0x000000000295cb2c
Event: 1.849 Thread 0x0000000056614000 DEOPT PACKING pc=0x000000000295cb2c sp=0x000000005765e340
Event: 1.849 Thread 0x0000000056614000 DEOPT UNPACKING pc=0x000000000277582a sp=0x000000005765e2b8 mode 2
Event: 1.854 loading class com/android/dx/ssa/back/FirstFitLocalCombiningAllocator$Multiset
Event: 1.854 loading class com/android/dx/ssa/back/FirstFitLocalCombiningAllocator$Multiset done


Dynamic libraries:
0x000000013f910000 - 0x000000013f947000 	C:\win7_x64\Java\bin\java.exe
0x0000000077350000 - 0x00000000774fa000 	D:\Windows\SYSTEM32\ntdll.dll
0x0000000076ff0000 - 0x000000007710f000 	D:\Windows\system32\kernel32.dll
0x000007fefd030000 - 0x000007fefd09a000 	D:\Windows\system32\KERNELBASE.dll
0x000007fefd970000 - 0x000007fefda4b000 	D:\Windows\system32\ADVAPI32.dll
0x000007feff5c0000 - 0x000007feff65f000 	D:\Windows\system32\msvcrt.dll
0x000007feff2f0000 - 0x000007feff30f000 	D:\Windows\SYSTEM32\sechost.dll
0x000007fefdaa0000 - 0x000007fefdbcd000 	D:\Windows\system32\RPCRT4.dll
0x0000000077250000 - 0x000000007734a000 	D:\Windows\system32\USER32.dll
0x000007fefd2c0000 - 0x000007fefd327000 	D:\Windows\system32\GDI32.dll
0x000007fefda90000 - 0x000007fefda9e000 	D:\Windows\system32\LPK.dll
0x000007feff220000 - 0x000007feff2ea000 	D:\Windows\system32\USP10.dll
0x000007fefba10000 - 0x000007fefbc04000 	D:\Windows\WinSxS\amd64_microsoft.windows.common-controls_6595b64144ccf1df_6.0.7601.18837_none_fa3b1e3d17594757\COMCTL32.dll
0x000007feff540000 - 0x000007feff5b1000 	D:\Windows\system32\SHLWAPI.dll
0x000007fefda60000 - 0x000007fefda8e000 	D:\Windows\system32\IMM32.DLL
0x000007fefdf40000 - 0x000007fefe049000 	D:\Windows\system32\MSCTF.dll
0x0000000057b40000 - 0x0000000057c12000 	C:\win7_x64\Java\jre\bin\msvcr100.dll
0x0000000057c20000 - 0x00000000584b0000 	C:\win7_x64\Java\jre\bin\server\jvm.dll
0x000007fef98f0000 - 0x000007fef98f9000 	D:\Windows\system32\WSOCK32.dll
0x000007feff0d0000 - 0x000007feff11d000 	D:\Windows\system32\WS2_32.dll
0x000007fefda50000 - 0x000007fefda58000 	D:\Windows\system32\NSI.dll
0x000007fefcf50000 - 0x000007fefcf8b000 	D:\Windows\system32\WINMM.dll
0x000007fefbf00000 - 0x000007fefbf0c000 	D:\Windows\system32\VERSION.dll
0x0000000077510000 - 0x0000000077517000 	D:\Windows\system32\PSAPI.DLL
0x00000000728b0000 - 0x00000000728bf000 	C:\win7_x64\Java\jre\bin\verify.dll
0x0000000064e10000 - 0x0000000064e39000 	C:\win7_x64\Java\jre\bin\java.dll
0x000000006e140000 - 0x000000006e156000 	C:\win7_x64\Java\jre\bin\zip.dll
0x000007fefe0d0000 - 0x000007fefee59000 	D:\Windows\system32\SHELL32.dll
0x000007feff330000 - 0x000007feff533000 	D:\Windows\system32\ole32.dll
0x000007fefce60000 - 0x000007fefce6f000 	D:\Windows\system32\profapi.dll

VM Arguments:
jvm_args: -Djava.awt.headless=true -Xmx1024M -Dfile.encoding=GBK -Duser.country=CN -Duser.language=zh -Duser.variant 
java_command: com.android.dx.command.Main --dex --force-jumbo --num-threads=4 --output C:\win7_x64\Android\workplace\NoDesignModeFrameWork\app\build\intermediates\pre-dexed\debug\com.android.support-appcompat-v7-24.2.0_e1ddfd0a241786032f7bd90b3182a6be47cac93c.jar C:\win7_x64\Android\workplace\NoDesignModeFrameWork\app\build\intermediates\exploded-aar\com.android.support\appcompat-v7\24.2.0\jars\classes.jar
java_class_path (initial): C:\win7_x64\Android\sdk\build-tools\24.0.0\lib\dx.jar
Launcher Type: SUN_STANDARD

Environment Variables:
JAVA_HOME=C:\win7_x64\Java
CLASSPATH=.;C:\win7_x64\Java\lib;C:\win7_x64\apache-ant-1.9.4\lib
PATH=D:\ProgramData\Oracle\Java\javapath;C:\win7_x64\Python27\;D:\Program Files\Common Files\Microsoft Shared\Windows Live;D:\Windows\system32;D:\Windows;D:\Windows\System32\Wbem;D:\Windows\System32\WindowsPowerShell\v1.0\;D:\Program Files (x86)\ATI Technologies\ATI.ACE\Core-Static;D:\Program Files\Lenovo\Bluetooth Software\;D:\Program Files\Lenovo\Bluetooth Software\syswow64;D:\Program Files\Intel\WiFi\bin\;D:\Program Files\Common Files\Intel\WirelessCommon\;C:\win7_x64\VisualSVN Server\bin;C:\win7_x64\TortoiseSVN\bin;C:\win7_x64\TortoiseGit\bin;D:\Program Files (x86)\Windows Kits\8.1\Windows Performance Toolkit\;C:\win7_x64\MySQL\MySQL Server 5.5\bin;C:\win7_x64\nodejs\;C:\win7_x64\cocos2dx\cocos2d-x-3.8.1\templates;C:\win7_x64\cocos2dx\cocos2d-x-3.8.1\tools\cocos2d-console\bin;D:\Program Files\Common Files\Microsoft Shared\Windows Live;C:\win7_x64\Java\bin;C:\win7_x64\apache-ant-1.9.4\bin;C:\win7_x64\Git\bin;C:\win7_x64\Git\libexec\git-core;C:\win7_x64\Android\sdk\tools;C:\win7_x64\Android\sdk\platform-tools;C:\win7_x64\sonar-scanner-2.5.1\bin;D:\Users\niu\AppData\Roaming\npm;C:\win7_x64\Android\sdk\build-tools\22.0.1;C:\win7_x64\Android\sdk\platforms\android-22;
USERNAME=niu
OS=Windows_NT
PROCESSOR_IDENTIFIER=Intel64 Family 6 Model 37 Stepping 5, GenuineIntel



---------------  S Y S T E M  ---------------

OS: Windows 7 , 64 bit Build 7601 (6.1.7601.23418)

CPU:total 4 (2 cores per cpu, 2 threads per core) family 6 model 37 stepping 5, cmov, cx8, fxsr, mmx, sse, sse2, sse3, ssse3, sse4.1, sse4.2, popcnt, ht, tsc, tscinvbit

Memory: 4k page, physical 8180200k(1521600k free), swap 8178340k(5092k free)

vm_info: Java HotSpot(TM) 64-Bit Server VM (25.77-b03) for windows-amd64 JRE (1.8.0_77-b03), built on Mar 20 2016 22:01:33 by "java_re" with MS VC++ 10.0 (VS2010)

time: Sat Sep 10 16:33:38 2016
elapsed time: 1 seconds (0d 0h 0m 1s)

